[16/3/2023 21:27:33] !tecnicas
[16/3/2023 21:34:29] /newtype 22
[16/3/2023 21:34:31] /newtype 23
[16/3/2023 21:34:36] /newtype 2
[16/3/2023 21:34:37] /newtype 3
[16/3/2023 21:34:39] /newtype 4
[16/3/2023 21:34:40] /newtype 5
[16/3/2023 21:34:40] /newtype 6
[16/3/2023 21:34:44] /newtype 7
[16/3/2023 21:34:45] /newtype 8
[16/3/2023 21:34:46] /newtype 9
[16/3/2023 21:35:8] /save
[16/3/2023 21:44:38] /i backpack
[16/3/2023 21:45:24] /i gold bar
[16/3/2023 21:45:26] /i gold bars
[16/3/2023 21:45:30] /i cent
[16/3/2023 21:45:32] /i cent
[16/3/2023 21:45:38] /i dollar
[16/3/2023 21:46:31] /i dollars
[16/3/2023 21:46:38] /i dollar
[16/3/2023 21:47:2] /i gloves
[16/3/2023 21:47:3] /i glove
[16/3/2023 21:47:13] /i barcok legs
[16/3/2023 21:47:17] /i bardock legs
[16/3/2023 21:47:27] /i bardock armor
[16/3/2023 21:47:40] /goto tonga mironga
[16/3/2023 21:48:20] /i cruze legs
[16/3/2023 21:49:16] /i chibi gohan cap
[16/3/2023 21:49:25] /i chibi gohan legs
[16/3/2023 21:49:27] /i chibi gohan legs
[16/3/2023 21:49:50] /i fighter legs
[16/3/2023 21:50:58] /i fighter armor
[16/3/2023 21:57:23] /newtype 200
[16/3/2023 21:57:25] /newtype 300
[16/3/2023 21:57:27] /newtype 400
[16/3/2023 21:57:28] /newtype 500
[16/3/2023 21:57:30] /newtype 600
[16/3/2023 21:57:32] /newtype 700
[16/3/2023 21:57:39] /newtype 234
[16/3/2023 21:57:43] /newtype 255
[16/3/2023 21:57:46] /newtype 256
[16/3/2023 21:57:47] /newtype 260
[16/3/2023 21:57:53] /newtype 340
[16/3/2023 21:57:55] /newtype 350
[16/3/2023 21:57:57] /newtype 340
[16/3/2023 21:59:22] /i gloves
[16/3/2023 22:1:9] /t
[16/3/2023 22:2:53] /save
[16/3/2023 22:8:40] /t
[16/3/2023 22:13:5] /save
[16/3/2023 22:13:11] /t Tonga Mironga
[16/3/2023 22:13:29] /t Tonga Mironga
[16/3/2023 22:13:30] /t
[16/3/2023 22:26:36] /c tonga mironga
[16/3/2023 22:26:41] /c tonga mironga
[16/3/2023 22:30:15] /m goku
[16/3/2023 22:30:18] /m goku ssj
[16/3/2023 22:30:19] /m goku ssj3
[16/3/2023 22:30:25] /m goku ssj2
[16/3/2023 22:30:37] /r
[16/3/2023 22:30:39] /m cell
[16/3/2023 22:31:25] /c tonga mironga
[16/3/2023 22:34:30] /a 2
[16/3/2023 22:34:30] /a 2
[16/3/2023 22:34:30] /a 2
[16/3/2023 22:34:30] /a 2
[16/3/2023 22:34:31] /a 2
[16/3/2023 22:34:31] /a 2
[16/3/2023 22:34:31] /a 2
[16/3/2023 22:34:31] /a 2
[16/3/2023 22:34:31] /a 2
[16/3/2023 22:34:31] /a 2
[16/3/2023 22:34:31] /a 2
[16/3/2023 22:34:31] /a 2
[16/3/2023 22:34:31] /a 2
[16/3/2023 22:34:31] /a 2
[16/3/2023 22:34:31] /a 2
[16/3/2023 22:34:31] /a 2
[16/3/2023 22:34:31] /a 2
[16/3/2023 22:34:31] /a 2
[16/3/2023 22:34:31] /a 2
[16/3/2023 22:34:31] /a 2
[16/3/2023 22:34:32] /a 2
[16/3/2023 22:34:32] /a 2
[16/3/2023 22:34:32] /a 2
[16/3/2023 22:34:32] /a 2
[16/3/2023 22:34:32] /a 2
[16/3/2023 22:34:32] /a 2
[16/3/2023 22:34:32] /a 2
[16/3/2023 22:34:32] /a 2
[16/3/2023 22:34:32] /a 2
[16/3/2023 22:34:32] /a 2
[16/3/2023 22:34:32] /a 2
[16/3/2023 22:34:32] /a 2
[16/3/2023 22:34:32] /a 2
[16/3/2023 22:34:32] /a 2
[16/3/2023 22:34:32] /a 2
[16/3/2023 22:34:32] /a 2
[16/3/2023 22:34:32] /a 2
[16/3/2023 22:34:32] /a 2
[16/3/2023 22:34:32] /a 2
[16/3/2023 22:34:32] /a 2
[16/3/2023 22:34:33] /a 2
[16/3/2023 22:34:33] /a 2
[16/3/2023 22:34:33] /a 2
[16/3/2023 22:34:33] /a 2
[16/3/2023 22:34:33] /a 2
[16/3/2023 22:34:33] /a 2
[16/3/2023 22:34:33] /a 2
[16/3/2023 22:34:33] /a 2
[16/3/2023 22:34:33] /a 2
[16/3/2023 22:34:33] /a 2
[16/3/2023 22:34:33] /a 2
[16/3/2023 22:34:33] /a 2
[16/3/2023 22:34:33] /a 2
[16/3/2023 22:34:34] /a 2
[16/3/2023 22:34:34] /a 2
[16/3/2023 22:34:34] /a 2
[16/3/2023 22:34:34] /a 2
[16/3/2023 22:34:34] /a 2
[16/3/2023 22:34:34] /a 2
[16/3/2023 22:34:34] /a 2
[16/3/2023 22:34:34] /a 2
[16/3/2023 22:34:34] /a 2
[16/3/2023 22:34:34] /a 2
[16/3/2023 22:34:34] /a 2
[16/3/2023 22:34:34] /a 2
[16/3/2023 22:34:34] /a 2
[16/3/2023 22:34:34] /a 2
[16/3/2023 22:34:34] /a 2
[16/3/2023 22:34:34] /a 2
[16/3/2023 22:34:35] /a 2
[16/3/2023 22:34:35] /a 2
[16/3/2023 22:34:35] /a 2
[16/3/2023 22:34:35] /a 2
[16/3/2023 22:34:35] /a 2
[16/3/2023 22:34:35] /a 2
[16/3/2023 22:34:36] /a 2
[16/3/2023 22:34:36] /a 2
[16/3/2023 22:34:36] /a 2
[16/3/2023 22:34:37] /a 2
[16/3/2023 22:34:40] /a 2
[16/3/2023 22:34:44] /m Dr. Gero
[16/3/2023 22:34:45] /t
[16/3/2023 22:34:49] /m Dr. Gero
[16/3/2023 22:36:8] /i red senzu
[16/3/2023 22:36:16] /i red senzu red
[16/3/2023 22:36:34] /i talon
[16/3/2023 22:37:2] /i talon
[16/3/2023 22:37:9] /i magic wall rune
[16/3/2023 22:37:28] /a 2
[16/3/2023 22:37:41] /a 2
[16/3/2023 22:37:58] /a 2
[16/3/2023 22:38:12] /a 2
[16/3/2023 22:38:16] /a 2
[16/3/2023 22:38:27] /a 2
[16/3/2023 22:38:46] /t
[16/3/2023 22:41:9] !tecnicas
[16/3/2023 22:42:26] /t
[16/3/2023 22:42:30] /a 2
[16/3/2023 22:42:30] /a 2
[16/3/2023 22:42:31] /a 2
[16/3/2023 22:42:31] /a 2
[16/3/2023 22:42:31] /a 2
[16/3/2023 22:42:31] /a 2
[16/3/2023 22:42:32] /a 2
[16/3/2023 22:42:32] /a 2
[16/3/2023 22:42:32] /a 2
[16/3/2023 22:42:32] /a 2
[16/3/2023 22:42:32] /a 2
[16/3/2023 22:42:33] /a 2
[16/3/2023 22:42:33] /a 2
[16/3/2023 22:42:33] /a 2
[16/3/2023 22:42:33] /a 2
[16/3/2023 22:42:33] /a 2
[16/3/2023 22:42:33] /a 2
[16/3/2023 22:42:33] /a 2
[16/3/2023 22:42:33] /a 2
[16/3/2023 22:42:33] /a 2
[16/3/2023 22:42:33] /a 2
[16/3/2023 22:42:33] /a 2
[16/3/2023 22:42:33] /a 2
[16/3/2023 22:42:33] /a 2
[16/3/2023 22:42:34] /a 2
[16/3/2023 22:42:34] /a 2
[16/3/2023 22:42:34] /a 2
[16/3/2023 22:42:34] /a 2
[16/3/2023 22:42:34] /a 2
[16/3/2023 22:42:34] /a 2
[16/3/2023 22:42:34] /a 2
[16/3/2023 22:42:34] /a 2
[16/3/2023 22:42:34] /a 2
[16/3/2023 22:42:34] /a 2
[16/3/2023 22:42:34] /a 2
[16/3/2023 22:42:34] /a 2
[16/3/2023 22:42:34] /a 2
[16/3/2023 22:42:34] /a 2
[16/3/2023 22:42:34] /a 2
[16/3/2023 22:42:34] /a 2
[16/3/2023 22:42:34] /a 2
[16/3/2023 22:42:34] /a 2
[16/3/2023 22:42:34] /a 2
[16/3/2023 22:42:34] /a 2
[16/3/2023 22:42:34] /a 2
[16/3/2023 22:42:34] /a 2
[16/3/2023 22:42:34] /a 2
[16/3/2023 22:42:34] /a 2
[16/3/2023 22:42:34] /a 2
[16/3/2023 22:42:34] /a 2
[16/3/2023 22:42:34] /a 2
[16/3/2023 22:42:34] /a 2
[16/3/2023 22:42:35] /a 2
[16/3/2023 22:42:35] /a 2
[16/3/2023 22:42:35] /a 2
[16/3/2023 22:42:35] /a 2
[16/3/2023 22:42:35] /a 2
[16/3/2023 22:42:35] /a 2
[16/3/2023 22:42:35] /a 2
[16/3/2023 22:42:35] /a 2
[16/3/2023 22:42:36] /a 2
[16/3/2023 22:42:36] /a 2
[16/3/2023 22:42:36] /a 2
[16/3/2023 22:42:36] /a 2
[16/3/2023 22:42:36] /a 2
[16/3/2023 22:42:36] /a 2
[16/3/2023 22:42:36] /a 2
[16/3/2023 22:42:36] /a 2
[16/3/2023 22:42:36] /a 2
[16/3/2023 22:42:36] /a 2
[16/3/2023 22:42:36] /a 2
[16/3/2023 22:42:36] /a 2
[16/3/2023 22:42:36] /a 2
[16/3/2023 22:42:37] /a 2
[16/3/2023 22:42:37] /a 2
[16/3/2023 22:42:37] /a 2
[16/3/2023 22:42:37] /a 2
[16/3/2023 22:42:37] /a 2
[16/3/2023 22:42:38] /a 2
[16/3/2023 22:42:38] /a 2
[16/3/2023 22:42:38] /a 2
[16/3/2023 22:42:38] /a 2
[16/3/2023 22:42:38] /a 2
[16/3/2023 22:42:39] /a 2
[16/3/2023 22:42:39] /a 2
[16/3/2023 22:42:39] /a 2
[16/3/2023 22:42:39] /a 2
[16/3/2023 22:42:39] /a 2
[16/3/2023 22:42:40] /a 2
[16/3/2023 22:42:40] /a 2
[16/3/2023 22:42:40] /a 2
[16/3/2023 22:42:40] /a 2
[16/3/2023 22:42:44] /a
[16/3/2023 22:42:44] /a
[16/3/2023 22:42:44] /a
[16/3/2023 22:43:8] /n aviso importante
[16/3/2023 22:43:9] /t
[16/3/2023 22:43:16] /n Blessing
[16/3/2023 22:43:17] /r
[16/3/2023 22:43:18] /r
[16/3/2023 22:43:27] /a 2
[16/3/2023 22:43:28] /a 2
[16/3/2023 22:43:28] /a 2
[16/3/2023 22:43:28] /a 2
[16/3/2023 22:43:28] /a 2
[16/3/2023 22:43:28] /a 2
[16/3/2023 22:43:28] /a 2
[16/3/2023 22:43:28] /a 2
[16/3/2023 22:43:28] /a 2
[16/3/2023 22:43:28] /a 2
[16/3/2023 22:43:28] /a 2
[16/3/2023 22:43:28] /a 2
[16/3/2023 22:43:28] /a 2
[16/3/2023 22:43:28] /a 2
[16/3/2023 22:43:28] /a 2
[16/3/2023 22:43:28] /a 2
[16/3/2023 22:43:28] /a 2
[16/3/2023 22:43:29] /a 2
[16/3/2023 22:43:29] /a 2
[16/3/2023 22:43:29] /a 2
[16/3/2023 22:43:29] /a 2
[16/3/2023 22:43:29] /a 2
[16/3/2023 22:43:29] /a 2
[16/3/2023 22:43:29] /a 2
[16/3/2023 22:43:29] /a 2
[16/3/2023 22:43:29] /a 2
[16/3/2023 22:43:29] /a 2
[16/3/2023 22:43:29] /a 2
[16/3/2023 22:43:29] /a 2
[16/3/2023 22:43:29] /a 2
[16/3/2023 22:43:29] /a 2
[16/3/2023 22:43:29] /a 2
[16/3/2023 22:43:29] /a 2
[16/3/2023 22:43:29] /a 2
[16/3/2023 22:43:29] /a 2
[16/3/2023 22:43:29] /a 2
[16/3/2023 22:43:29] /a 2
[16/3/2023 22:43:29] /a 2
[16/3/2023 22:43:29] /a 2
[16/3/2023 22:43:29] /a 2
[16/3/2023 22:43:29] /a 2
[16/3/2023 22:43:29] /a 2
[16/3/2023 22:43:29] /a 2
[16/3/2023 22:43:29] /a 2
[16/3/2023 22:43:29] /a 2
[16/3/2023 22:43:29] /a 2
[16/3/2023 22:43:29] /a 2
[16/3/2023 22:43:30] /a 2
[16/3/2023 22:43:30] /a 2
[16/3/2023 22:43:30] /a 2
[16/3/2023 22:43:30] /a 2
[16/3/2023 22:43:30] /a 2
[16/3/2023 22:43:30] /a 2
[16/3/2023 22:43:30] /a 2
[16/3/2023 22:43:30] /a 2
[16/3/2023 22:43:30] /a 2
[16/3/2023 22:43:30] /a 2
[16/3/2023 22:43:30] /a 2
[16/3/2023 22:43:31] /a 2
[16/3/2023 22:43:31] /a 2
[16/3/2023 22:43:31] /a 2
[16/3/2023 22:43:31] /a 2
[16/3/2023 22:43:31] /a 2
[16/3/2023 22:43:31] /a 2
[16/3/2023 22:43:31] /a 2
[16/3/2023 22:43:31] /a 2
[16/3/2023 22:43:31] /a 2
[16/3/2023 22:43:31] /a 2
[16/3/2023 22:43:31] /a 2
[16/3/2023 22:43:31] /a 2
[16/3/2023 22:43:32] /a 2
[16/3/2023 22:43:32] /a 2
[16/3/2023 22:43:32] /a 2
[16/3/2023 22:43:32] /a 2
[16/3/2023 22:43:32] /a 2
[16/3/2023 22:43:32] /a 2
[16/3/2023 22:43:32] /a 2
[16/3/2023 22:43:32] /a 2
[16/3/2023 22:43:33] /a 2
[16/3/2023 22:43:33] /a 2
[16/3/2023 22:43:33] /a 2
[16/3/2023 22:43:33] /a 2
[16/3/2023 22:43:34] /a 2
[16/3/2023 22:43:34] /a 2
[16/3/2023 22:43:34] /a 2
[16/3/2023 22:43:34] /a 2
[16/3/2023 22:43:34] /a 2
[16/3/2023 22:43:40] /a
[16/3/2023 22:43:43] /down
[16/3/2023 22:43:44] /down 2
[16/3/2023 22:43:46] /down 3
[16/3/2023 22:43:47] /down 4
[16/3/2023 22:43:47] /down 5
[16/3/2023 22:43:54] /a
[16/3/2023 22:43:55] /a
[16/3/2023 22:44:9] /t
[16/3/2023 22:47:58] /m Purching Bag
[16/3/2023 23:6:58] /a 2
[16/3/2023 23:6:59] /a 2
[16/3/2023 23:6:59] /a 2
[16/3/2023 23:6:59] /a 2
[16/3/2023 23:6:59] /a 2
[16/3/2023 23:6:59] /a 2
[16/3/2023 23:6:59] /a 2
[16/3/2023 23:6:59] /a 2
[16/3/2023 23:6:59] /a 2
[16/3/2023 23:6:59] /a 2
[16/3/2023 23:6:59] /a 2
[16/3/2023 23:6:59] /a 2
[16/3/2023 23:7:0] /a 2
[16/3/2023 23:7:0] /a 2
[16/3/2023 23:7:0] /a 2
[16/3/2023 23:7:0] /a 2
[16/3/2023 23:7:1] /a 2
[16/3/2023 23:7:1] /a 2
[16/3/2023 23:7:1] /a 2
[16/3/2023 23:7:1] /a 2
[16/3/2023 23:7:1] /a 2
[16/3/2023 23:7:1] /a 2
[16/3/2023 23:7:1] /a 2
[16/3/2023 23:7:1] /a 2
[16/3/2023 23:7:1] /a 2
[16/3/2023 23:7:1] /a 2
[16/3/2023 23:7:1] /a 2
[16/3/2023 23:7:1] /a 2
[16/3/2023 23:7:1] /a 2
[16/3/2023 23:7:1] /a 2
[16/3/2023 23:7:1] /a 2
[16/3/2023 23:7:1] /a 2
[16/3/2023 23:7:1] /a 2
[16/3/2023 23:7:1] /a 2
[16/3/2023 23:7:1] /a 2
[16/3/2023 23:7:1] /a 2
[16/3/2023 23:7:1] /a 2
[16/3/2023 23:7:1] /a 2
[16/3/2023 23:7:1] /a 2
[16/3/2023 23:7:1] /a 2
[16/3/2023 23:7:1] /a 2
[16/3/2023 23:7:1] /a 2
[16/3/2023 23:7:1] /a 2
[16/3/2023 23:7:2] /a 2
[16/3/2023 23:7:2] /a 2
[16/3/2023 23:7:2] /a 2
[16/3/2023 23:7:2] /a 2
[16/3/2023 23:7:2] /a 2
[16/3/2023 23:7:2] /a 2
[16/3/2023 23:7:2] /a 2
[16/3/2023 23:7:2] /a 2
[16/3/2023 23:7:2] /a 2
[16/3/2023 23:7:2] /a 2
[16/3/2023 23:7:2] /a 2
[16/3/2023 23:7:2] /a 2
[16/3/2023 23:7:2] /a 2
[16/3/2023 23:7:2] /a 2
[16/3/2023 23:7:3] /a 2
[16/3/2023 23:7:3] /a 2
[16/3/2023 23:7:3] /a 2
[16/3/2023 23:7:3] /a 2
[16/3/2023 23:7:3] /a 2
[16/3/2023 23:7:3] /a 2
[16/3/2023 23:7:3] /a 2
[16/3/2023 23:7:3] /a 2
[16/3/2023 23:7:3] /a 2
[16/3/2023 23:7:3] /a 2
[16/3/2023 23:7:3] /a 2
[16/3/2023 23:7:3] /a 2
[16/3/2023 23:7:3] /a 2
[16/3/2023 23:7:3] /a 2
[16/3/2023 23:7:3] /a 2
[16/3/2023 23:7:3] /a 2
[16/3/2023 23:7:4] /a 2
[16/3/2023 23:7:4] /a 2
[16/3/2023 23:7:4] /a 2
[16/3/2023 23:7:4] /a 2
[16/3/2023 23:7:4] /a 2
[16/3/2023 23:7:4] /a 2
[16/3/2023 23:7:4] /a 2
[16/3/2023 23:7:4] /a 2
[16/3/2023 23:7:4] /a 2
[16/3/2023 23:7:4] /a 2
[16/3/2023 23:7:5] /a 2
[16/3/2023 23:7:5] /a 2
[16/3/2023 23:7:5] /a 2
[16/3/2023 23:7:5] /a 2
[16/3/2023 23:7:6] /a 2
[16/3/2023 23:7:6] /a 2
[16/3/2023 23:7:6] /a 2
[16/3/2023 23:7:6] /a 2
[16/3/2023 23:7:6] /a 2
[16/3/2023 23:7:7] /a 2
[16/3/2023 23:7:7] /a 2
[16/3/2023 23:7:7] /a 2
[16/3/2023 23:7:7] /a 2
[16/3/2023 23:7:7] /a 2
[16/3/2023 23:7:8] /a 2
[16/3/2023 23:7:8] /a 2
[16/3/2023 23:7:8] /a 2
[16/3/2023 23:7:9] /a 2
[16/3/2023 23:7:9] /a 2
[16/3/2023 23:7:9] /a 2
[16/3/2023 23:7:9] /a 2
[16/3/2023 23:7:9] /a 2
[16/3/2023 23:7:9] /a 2
[16/3/2023 23:7:10] /a 2
[16/3/2023 23:7:10] /a 2
[16/3/2023 23:7:10] /a 2
[16/3/2023 23:7:10] /a 2
[16/3/2023 23:7:11] /a 2
[16/3/2023 23:7:11] /a 2
[16/3/2023 23:7:14] /a
[16/3/2023 23:7:20] /a 2
[16/3/2023 23:7:34] /c rasputia
[16/3/2023 23:7:37] /a 2
[16/3/2023 23:7:38] /a 2
[16/3/2023 23:7:41] /r
[16/3/2023 23:7:41] /r
[16/3/2023 23:7:43] /a 5
[16/3/2023 23:7:45] /r
[16/3/2023 23:7:46] /r
[16/3/2023 23:7:48] /a
[16/3/2023 23:7:49] /a
[16/3/2023 23:7:53] /c mamaco
[16/3/2023 23:7:54] /c mamaco
[16/3/2023 23:8:5] /c rasputia
[16/3/2023 23:8:12] /c tonga mironga
[16/3/2023 23:8:27] /c Onitorrinco
[16/3/2023 23:8:48] /c mamaco
[16/3/2023 23:10:45] /a 2
[16/3/2023 23:10:46] /a 2
[16/3/2023 23:10:46] /a 2
[16/3/2023 23:10:46] /a 2
[16/3/2023 23:10:46] /a 2
[16/3/2023 23:10:46] /a 2
[16/3/2023 23:10:46] /a 2
[16/3/2023 23:10:46] /a 2
[16/3/2023 23:10:46] /a 2
[16/3/2023 23:10:46] /a 2
[16/3/2023 23:10:46] /a 2
[16/3/2023 23:10:47] /a 2
[16/3/2023 23:10:47] /a 2
[16/3/2023 23:10:47] /a 2
[16/3/2023 23:10:47] /a 2
[16/3/2023 23:10:47] /a 2
[16/3/2023 23:10:47] /a 2
[16/3/2023 23:10:47] /a 2
[16/3/2023 23:10:47] /a 2
[16/3/2023 23:10:47] /a 2
[16/3/2023 23:10:47] /a 2
[16/3/2023 23:10:47] /a 2
[16/3/2023 23:10:47] /a 2
[16/3/2023 23:10:47] /a 2
[16/3/2023 23:10:47] /a 2
[16/3/2023 23:10:47] /a 2
[16/3/2023 23:10:47] /a 2
[16/3/2023 23:10:47] /a 2
[16/3/2023 23:10:47] /a 2
[16/3/2023 23:10:48] /a 2
[16/3/2023 23:10:48] /a 2
[16/3/2023 23:10:48] /a 2
[16/3/2023 23:10:48] /a 2
[16/3/2023 23:10:48] /a 2
[16/3/2023 23:10:48] /a 2
[16/3/2023 23:10:49] /a 2
[16/3/2023 23:10:49] /a 2
[16/3/2023 23:10:49] /a 2
[16/3/2023 23:10:50] /a 2
[16/3/2023 23:10:50] /a 2
[16/3/2023 23:10:50] /a 2
[16/3/2023 23:10:50] /a 2
[16/3/2023 23:10:50] /a 2
[16/3/2023 23:10:50] /a 2
[16/3/2023 23:10:50] /a 2
[16/3/2023 23:10:50] /a 2
[16/3/2023 23:10:50] /a 2
[16/3/2023 23:10:50] /a 2
[16/3/2023 23:10:50] /a 2
[16/3/2023 23:10:50] /a 2
[16/3/2023 23:10:50] /a 2
[16/3/2023 23:10:50] /a 2
[16/3/2023 23:10:50] /a 2
[16/3/2023 23:10:50] /a 2
[16/3/2023 23:10:50] /a 2
[16/3/2023 23:10:50] /a 2
[16/3/2023 23:10:50] /a 2
[16/3/2023 23:10:50] /a 2
[16/3/2023 23:10:50] /a 2
[16/3/2023 23:10:50] /a 2
[16/3/2023 23:10:50] /a 2
[16/3/2023 23:10:50] /a 2
[16/3/2023 23:10:50] /a 2
[16/3/2023 23:10:50] /a 2
[16/3/2023 23:10:50] /a 2
[16/3/2023 23:10:50] /a 2
[16/3/2023 23:10:50] /a 2
[16/3/2023 23:10:50] /a 2
[16/3/2023 23:10:51] /a 2
[16/3/2023 23:10:51] /a 2
[16/3/2023 23:10:51] /a 2
[16/3/2023 23:10:51] /a 2
[16/3/2023 23:10:51] /a 2
[16/3/2023 23:10:51] /a 2
[16/3/2023 23:10:51] /a 2
[16/3/2023 23:10:51] /a 2
[16/3/2023 23:10:51] /a 2
[16/3/2023 23:10:51] /a 2
[16/3/2023 23:10:51] /a 2
[16/3/2023 23:10:51] /a 2
[16/3/2023 23:10:51] /a 2
[16/3/2023 23:10:51] /a 2
[16/3/2023 23:10:51] /a 2
[16/3/2023 23:10:51] /a 2
[16/3/2023 23:10:51] /a 2
[16/3/2023 23:10:51] /a 2
[16/3/2023 23:10:51] /a 2
[16/3/2023 23:10:51] /a 2
[16/3/2023 23:10:51] /a 2
[16/3/2023 23:10:51] /a 2
[16/3/2023 23:10:51] /a 2
[16/3/2023 23:10:51] /a 2
[16/3/2023 23:10:51] /a 2
[16/3/2023 23:10:51] /a 2
[16/3/2023 23:10:51] /a 2
[16/3/2023 23:10:52] /a 2
[16/3/2023 23:10:52] /a 2
[16/3/2023 23:10:52] /a 2
[16/3/2023 23:10:52] /a 2
[16/3/2023 23:10:52] /a 2
[16/3/2023 23:10:52] /a 2
[16/3/2023 23:10:52] /a 2
[16/3/2023 23:10:52] /a 2
[16/3/2023 23:10:52] /a 2
[16/3/2023 23:10:52] /a 2
[16/3/2023 23:10:52] /a 2
[16/3/2023 23:10:52] /a 2
[16/3/2023 23:10:52] /a 2
[16/3/2023 23:10:52] /a 2
[16/3/2023 23:10:53] /a 2
[16/3/2023 23:10:53] /a 2
[16/3/2023 23:10:53] /a 2
[16/3/2023 23:10:53] /a 2
[16/3/2023 23:10:53] /a 2
[16/3/2023 23:10:53] /a 2
[16/3/2023 23:10:53] /a 2
[16/3/2023 23:10:53] /a 2
[16/3/2023 23:10:53] /a 2
[16/3/2023 23:10:53] /a 2
[16/3/2023 23:10:53] /a 2
[16/3/2023 23:10:53] /a 2
[16/3/2023 23:10:53] /a 2
[16/3/2023 23:10:53] /a 2
[16/3/2023 23:10:53] /a 2
[16/3/2023 23:10:53] /a 2
[16/3/2023 23:10:53] /a 2
[16/3/2023 23:10:53] /a 2
[16/3/2023 23:10:53] /a 2
[16/3/2023 23:10:53] /a 2
[16/3/2023 23:10:53] /a 2
[16/3/2023 23:10:54] /a 2
[16/3/2023 23:10:54] /a 2
[16/3/2023 23:10:54] /a 2
[16/3/2023 23:10:54] /a 2
[16/3/2023 23:10:54] /a 2
[16/3/2023 23:10:54] /a 2
[16/3/2023 23:10:54] /a 2
[16/3/2023 23:10:54] /a 2
[16/3/2023 23:10:54] /a 2
[16/3/2023 23:10:54] /a 2
[16/3/2023 23:10:54] /a 2
[16/3/2023 23:10:54] /a 2
[16/3/2023 23:10:54] /a 2
[16/3/2023 23:10:54] /a 2
[16/3/2023 23:10:55] /a 2
[16/3/2023 23:10:55] /a 2
[16/3/2023 23:10:55] /a 2
[16/3/2023 23:10:55] /a 2
[16/3/2023 23:10:55] /a 2
[16/3/2023 23:10:55] /a 2
[16/3/2023 23:10:55] /a 2
[16/3/2023 23:10:55] /a 2
[16/3/2023 23:10:55] /a 2
[16/3/2023 23:10:55] /a 2
[16/3/2023 23:10:55] /a 2
[16/3/2023 23:10:55] /a 2
[16/3/2023 23:10:55] /a 2
[16/3/2023 23:10:55] /a 2
[16/3/2023 23:10:55] /a 2
[16/3/2023 23:10:55] /a 2
[16/3/2023 23:10:55] /a 2
[16/3/2023 23:10:55] /a 2
[16/3/2023 23:10:55] /a 2
[16/3/2023 23:10:56] /a 2
[16/3/2023 23:10:56] /a 2
[16/3/2023 23:10:56] /a 2
[16/3/2023 23:10:56] /a 2
[16/3/2023 23:11:7] /a
[16/3/2023 23:11:9] /r
[16/3/2023 23:11:9] /r
[16/3/2023 23:11:9] /r
[16/3/2023 23:11:10] /r
[16/3/2023 23:11:10] /r
[16/3/2023 23:11:11] /r
[16/3/2023 23:11:12] /r
[16/3/2023 23:11:12] /r
[16/3/2023 23:11:12] /r
[16/3/2023 23:11:13] /r
[16/3/2023 23:11:13] /r
[16/3/2023 23:11:14] /r
[16/3/2023 23:11:14] /r
[16/3/2023 23:11:14] /r
[16/3/2023 23:11:15] /r
[16/3/2023 23:11:19] /r
[16/3/2023 23:11:22] /a
[16/3/2023 23:11:22] /a
[16/3/2023 23:11:26] /a 2
[16/3/2023 23:11:26] /a 2
[16/3/2023 23:11:27] /r
[16/3/2023 23:11:29] /r
[16/3/2023 23:11:29] /r
[16/3/2023 23:11:29] /r
[16/3/2023 23:11:30] /r
[16/3/2023 23:11:31] /r
[16/3/2023 23:11:32] /r
[16/3/2023 23:11:32] /r
[16/3/2023 23:11:32] /r
[16/3/2023 23:11:33] /r
[16/3/2023 23:11:33] /r
[16/3/2023 23:11:34] /r
[16/3/2023 23:11:34] /r
[16/3/2023 23:11:34] /r
[16/3/2023 23:11:35] /r
[16/3/2023 23:11:35] /r
[16/3/2023 23:11:36] /r
[16/3/2023 23:11:36] /a 2
[16/3/2023 23:11:37] /a 2
[16/3/2023 23:11:38] /a 2
[16/3/2023 23:11:42] /r
[16/3/2023 23:11:43] /r
[16/3/2023 23:11:45] /a 5
[16/3/2023 23:11:47] /r
[16/3/2023 23:11:48] /r
[16/3/2023 23:11:49] /r
[16/3/2023 23:11:51] /r
[16/3/2023 23:11:51] /r
[16/3/2023 23:11:52] /r
[16/3/2023 23:11:54] /a 2
[16/3/2023 23:11:55] /a 2
[16/3/2023 23:12:23] /c rasputia
[16/3/2023 23:12:28] /c mamaco
[16/3/2023 23:12:55] /c mamaco
[16/3/2023 23:13:1] /c Onitorrinco
[16/3/2023 23:13:10] /c rasputia
[16/3/2023 23:13:16] /c tonga mironga
[16/3/2023 23:13:29] /goto Tonga Mironga
[16/3/2023 23:13:38] /a 4
[16/3/2023 23:13:40] /c Tonga Mironga
[16/3/2023 23:13:41] /c Tonga Mironga
[16/3/2023 23:13:47] /a 2
[16/3/2023 23:13:48] /a
[16/3/2023 23:13:52] /a
[16/3/2023 23:14:16] /a
[16/3/2023 23:14:33] /a
[16/3/2023 23:14:34] /a
[16/3/2023 23:14:34] /a
[16/3/2023 23:14:37] /a 2
[16/3/2023 23:14:39] /a
[16/3/2023 23:14:47] /a 2
[16/3/2023 23:15:8] /t tonga mironga
[16/3/2023 23:15:8] /t
[16/3/2023 23:52:14] /a 20
[16/3/2023 23:52:15] /a 20
[16/3/2023 23:52:15] /a 20
[16/3/2023 23:52:15] /a 20
[16/3/2023 23:52:16] /a 20
[16/3/2023 23:52:19] /a 20
[16/3/2023 23:52:20] /a 20
[16/3/2023 23:52:21] /a 20
[16/3/2023 23:52:21] /a 20
[16/3/2023 23:52:22] /a 20
[16/3/2023 23:52:24] /a 5
[16/3/2023 23:52:25] /a 5
[16/3/2023 23:52:26] /a 5
[16/3/2023 23:52:26] /a 5
[16/3/2023 23:52:26] /a 5
[16/3/2023 23:52:27] /a 5
[16/3/2023 23:52:27] /a 5
[16/3/2023 23:52:28] /a 5
[16/3/2023 23:52:30] /a 5
[16/3/2023 23:52:40] /c tonga mironga
[16/3/2023 23:56:33] /t
[16/3/2023 23:56:40] /c tonga mironga
[16/3/2023 23:56:49] /c tonga mironga
[17/3/2023 12:57:27] /t
[17/3/2023 13:4:50] /t
[17/3/2023 13:10:42] /i update refiner
[17/3/2023 13:10:47] /i upgrade refiner
[17/3/2023 13:10:50] /i upgrade refiner
[17/3/2023 13:10:53] /i talons
[17/3/2023 13:16:3] /t
[17/3/2023 13:24:26] /a 2
[17/3/2023 13:24:26] /a 2
[17/3/2023 13:24:26] /a 2
[17/3/2023 13:24:27] /a 2
[17/3/2023 13:24:27] /a 2
[17/3/2023 13:24:27] /a 2
[17/3/2023 13:24:27] /a 2
[17/3/2023 13:24:28] /a 2
[17/3/2023 13:24:28] /a 2
[17/3/2023 13:24:28] /a 2
[17/3/2023 13:24:28] /a 2
[17/3/2023 13:24:28] /a 2
[17/3/2023 13:24:29] /a 2
[17/3/2023 13:24:29] /a 2
[17/3/2023 13:24:29] /a 2
[17/3/2023 13:24:40] /a 2
[17/3/2023 13:24:40] /a 2
[17/3/2023 13:24:40] /a 2
[17/3/2023 13:24:40] /a 2
[17/3/2023 13:24:41] /a 2
[17/3/2023 13:24:41] /a 2
[17/3/2023 13:24:41] /a 2
[17/3/2023 13:24:41] /a 2
[17/3/2023 13:24:41] /a 2
[17/3/2023 13:24:42] /a 2
[17/3/2023 13:24:42] /a 2
[17/3/2023 13:24:42] /a 2
[17/3/2023 13:24:42] /a 2
[17/3/2023 13:24:42] /a 2
[17/3/2023 13:24:43] /a 2
[17/3/2023 13:24:43] /a 2
[17/3/2023 13:24:43] /a 2
[17/3/2023 13:24:43] /a 2
[17/3/2023 13:24:44] /a 2
[17/3/2023 13:24:44] /a 2
[17/3/2023 13:24:44] /a 2
[17/3/2023 13:24:44] /a 2
[17/3/2023 13:24:44] /a 2
[17/3/2023 13:24:45] /a 2
[17/3/2023 13:24:45] /a 2
[17/3/2023 13:24:45] /a 2
[17/3/2023 13:24:45] /a 2
[17/3/2023 13:24:45] /a 2
[17/3/2023 13:24:46] /a 2
[17/3/2023 13:24:46] /a 2
[17/3/2023 13:24:46] /a 2
[17/3/2023 13:24:46] /a 2
[17/3/2023 13:24:47] /a 2
[17/3/2023 13:24:47] /a 2
[17/3/2023 13:24:47] /a 2
[17/3/2023 13:24:47] /a 2
[17/3/2023 13:24:48] /a 2
[17/3/2023 13:24:48] /a 2
[17/3/2023 13:24:48] /a 2
[17/3/2023 13:24:52] /a 2
[17/3/2023 13:24:52] /a 2
[17/3/2023 13:24:52] /a 2
[17/3/2023 13:24:52] /a 2
[17/3/2023 13:24:53] /a 2
[17/3/2023 13:24:53] /a 2
[17/3/2023 13:24:53] /a 2
[17/3/2023 13:24:53] /a 2
[17/3/2023 13:24:53] /a 2
[17/3/2023 13:24:53] /a 2
[17/3/2023 13:24:53] /a 2
[17/3/2023 13:24:53] /a 2
[17/3/2023 13:24:53] /a 2
[17/3/2023 13:24:53] /a 2
[17/3/2023 13:24:53] /a 2
[17/3/2023 13:24:53] /a 2
[17/3/2023 13:24:53] /a 2
[17/3/2023 13:24:53] /a 2
[17/3/2023 13:24:53] /a 2
[17/3/2023 13:24:53] /a 2
[17/3/2023 13:24:53] /a 2
[17/3/2023 13:24:53] /a 2
[17/3/2023 13:24:54] /a 2
[17/3/2023 13:24:54] /a 2
[17/3/2023 13:24:54] /a 2
[17/3/2023 13:24:54] /a 2
[17/3/2023 13:24:54] /a 2
[17/3/2023 13:24:54] /a 2
[17/3/2023 13:24:54] /a 2
[17/3/2023 13:24:54] /a 2
[17/3/2023 13:24:54] /a 2
[17/3/2023 13:24:55] /a 2
[17/3/2023 13:24:55] /a 2
[17/3/2023 13:24:55] /a 2
[17/3/2023 13:24:55] /a 2
[17/3/2023 13:24:55] /a 2
[17/3/2023 13:24:55] /a 2
[17/3/2023 13:24:55] /a 2
[17/3/2023 13:24:56] /a 2
[17/3/2023 13:24:56] /a 2
[17/3/2023 13:24:56] /a 2
[17/3/2023 13:24:56] /a 2
[17/3/2023 13:24:56] /a 2
[17/3/2023 13:24:56] /a 2
[17/3/2023 13:24:56] /a 2
[17/3/2023 13:24:56] /a 2
[17/3/2023 13:24:56] /a 2
[17/3/2023 13:24:56] /a 2
[17/3/2023 13:24:56] /a 2
[17/3/2023 13:24:56] /a 2
[17/3/2023 13:24:57] /a 2
[17/3/2023 13:24:57] /a 2
[17/3/2023 13:24:58] /a 2
[17/3/2023 13:24:58] /a 2
[17/3/2023 13:24:58] /t
[17/3/2023 13:25:16] /a 2
[17/3/2023 13:25:17] /a 2
[17/3/2023 13:25:17] /a 2
[17/3/2023 13:25:17] /a 2
[17/3/2023 13:25:17] /a 2
[17/3/2023 13:25:18] /a 2
[17/3/2023 13:25:18] /a 2
[17/3/2023 13:25:18] /a 2
[17/3/2023 13:25:18] /a 2
[17/3/2023 13:25:18] /a 2
[17/3/2023 13:25:18] /a 2
[17/3/2023 13:25:18] /a 2
[17/3/2023 13:25:18] /a 2
[17/3/2023 13:25:18] /a 2
[17/3/2023 13:25:18] /a 2
[17/3/2023 13:25:18] /a 2
[17/3/2023 13:25:18] /a 2
[17/3/2023 13:25:18] /a 2
[17/3/2023 13:25:18] /a 2
[17/3/2023 13:25:18] /a 2
[17/3/2023 13:25:18] /a 2
[17/3/2023 13:25:18] /a 2
[17/3/2023 13:25:18] /a 2
[17/3/2023 13:25:18] /a 2
[17/3/2023 13:25:18] /a 2
[17/3/2023 13:25:19] /a 2
[17/3/2023 13:25:19] /a 2
[17/3/2023 13:25:19] /a 2
[17/3/2023 13:27:6] /a 2
[17/3/2023 13:27:7] /a 2
[17/3/2023 13:27:7] /a 2
[17/3/2023 13:27:7] /a 2
[17/3/2023 13:27:7] /a 2
[17/3/2023 13:27:7] /a 2
[17/3/2023 13:27:7] /a 2
[17/3/2023 13:27:7] /a 2
[17/3/2023 13:27:7] /a 2
[17/3/2023 13:27:7] /a 2
[17/3/2023 13:27:7] /a 2
[17/3/2023 13:27:7] /a 2
[17/3/2023 13:27:7] /a 2
[17/3/2023 13:27:7] /a 2
[17/3/2023 13:27:7] /a 2
[17/3/2023 13:27:7] /a 2
[17/3/2023 13:27:7] /a 2
[17/3/2023 13:27:7] /a 2
[17/3/2023 13:27:7] /a 2
[17/3/2023 13:27:7] /a 2
[17/3/2023 13:27:7] /a 2
[17/3/2023 13:27:7] /a 2
[17/3/2023 13:27:8] /a 2
[17/3/2023 13:27:8] /a 2
[17/3/2023 13:27:8] /a 2
[17/3/2023 13:27:8] /a 2
[17/3/2023 13:27:8] /a 2
[17/3/2023 13:27:8] /a 2
[17/3/2023 13:27:8] /a 2
[17/3/2023 13:27:8] /a 2
[17/3/2023 13:27:8] /a 2
[17/3/2023 13:27:8] /a 2
[17/3/2023 13:27:8] /a 2
[17/3/2023 13:27:8] /a 2
[17/3/2023 13:27:8] /a 2
[17/3/2023 13:27:8] /a 2
[17/3/2023 13:27:8] /a 2
[17/3/2023 13:27:35] /t
[17/3/2023 13:49:38] /t
[17/3/2023 13:54:29] /a 2
[17/3/2023 13:54:31] /a 2
[17/3/2023 13:54:31] /a 2
[17/3/2023 13:54:31] /a 2
[17/3/2023 13:55:8] /i shadow essences
[17/3/2023 13:55:16] /i shadow essence
[17/3/2023 13:55:18] /i shadow essence
[17/3/2023 13:55:37] /i shadow essence
[17/3/2023 13:55:41] /i backpack
[17/3/2023 13:55:41] /i backpack
[17/3/2023 13:55:42] /i backpack
[17/3/2023 13:55:42] /i backpack
[17/3/2023 13:55:42] /i backpack
[17/3/2023 13:55:43] /i shadow essence
[17/3/2023 13:55:44] /i shadow essence
[17/3/2023 13:55:44] /i shadow essence
[17/3/2023 13:55:44] /i shadow essence
[17/3/2023 13:55:44] /i shadow essence
[17/3/2023 13:55:44] /i shadow essence
[17/3/2023 13:55:44] /i shadow essence
[17/3/2023 13:55:44] /i shadow essence
[17/3/2023 13:55:44] /i shadow essence
[17/3/2023 13:55:44] /i shadow essence
[17/3/2023 13:55:44] /i shadow essence
[17/3/2023 13:55:44] /i shadow essence
[17/3/2023 13:55:44] /i shadow essence
[17/3/2023 13:55:44] /i shadow essence
[17/3/2023 13:55:44] /i shadow essence
[17/3/2023 13:55:44] /i shadow essence
[17/3/2023 13:55:44] /i shadow essence
[17/3/2023 13:55:45] /i shadow essence
[17/3/2023 13:55:45] /i shadow essence
[17/3/2023 13:55:45] /i shadow essence
[17/3/2023 13:55:45] /i shadow essence
[17/3/2023 13:55:45] /i shadow essence
[17/3/2023 13:55:45] /i shadow essence
[17/3/2023 13:55:45] /i shadow essence
[17/3/2023 13:55:45] /i shadow essence
[17/3/2023 13:55:45] /i shadow essence
[17/3/2023 13:55:45] /i shadow essence
[17/3/2023 13:55:45] /i shadow essence
[17/3/2023 13:55:45] /i shadow essence
[17/3/2023 13:55:45] /i shadow essence
[17/3/2023 13:55:45] /i shadow essence
[17/3/2023 13:55:45] /i shadow essence
[17/3/2023 13:55:45] /i shadow essence
[17/3/2023 13:55:45] /i shadow essence
[17/3/2023 13:55:45] /i shadow essence
[17/3/2023 13:55:45] /i shadow essence
[17/3/2023 13:55:45] /i shadow essence
[17/3/2023 13:55:45] /i shadow essence
[17/3/2023 13:55:45] /i shadow essence
[17/3/2023 13:55:45] /i shadow essence
[17/3/2023 13:55:45] /i shadow essence
[17/3/2023 13:55:45] /i shadow essence
[17/3/2023 13:55:45] /i shadow essence
[17/3/2023 13:55:45] /i shadow essence
[17/3/2023 13:55:45] /i shadow essence
[17/3/2023 13:55:45] /i shadow essence
[17/3/2023 13:55:45] /i shadow essence
[17/3/2023 13:55:46] /i shadow essence
[17/3/2023 13:55:46] /i shadow essence
[17/3/2023 13:55:46] /i shadow essence
[17/3/2023 13:55:46] /i shadow essence
[17/3/2023 13:55:46] /i shadow essence
[17/3/2023 13:55:46] /i shadow essence
[17/3/2023 13:55:46] /i shadow essence
[17/3/2023 13:55:46] /i shadow essence
[17/3/2023 13:55:46] /i shadow essence
[17/3/2023 13:55:46] /i shadow essence
[17/3/2023 13:55:46] /i shadow essence
[17/3/2023 13:55:46] /i shadow essence
[17/3/2023 13:55:46] /i shadow essence
[17/3/2023 13:55:46] /i shadow essence
[17/3/2023 13:55:46] /i shadow essence
[17/3/2023 13:55:46] /i shadow essence
[17/3/2023 13:55:46] /i shadow essence
[17/3/2023 13:55:46] /i shadow essence
[17/3/2023 13:55:46] /i shadow essence
[17/3/2023 13:55:46] /i shadow essence
[17/3/2023 13:55:46] /i shadow essence
[17/3/2023 13:55:46] /i shadow essence
[17/3/2023 13:55:46] /i shadow essence
[17/3/2023 13:55:46] /i shadow essence
[17/3/2023 13:55:46] /i shadow essence
[17/3/2023 13:55:46] /i shadow essence
[17/3/2023 13:55:46] /i shadow essence
[17/3/2023 13:55:46] /i shadow essence
[17/3/2023 13:55:46] /i shadow essence
[17/3/2023 13:55:46] /i shadow essence
[17/3/2023 13:55:46] /i shadow essence
[17/3/2023 13:55:47] /i shadow essence
[17/3/2023 13:55:47] /i shadow essence
[17/3/2023 13:55:47] /i shadow essence
[17/3/2023 13:55:47] /i shadow essence
[17/3/2023 13:55:47] /i shadow essence
[17/3/2023 13:55:47] /i shadow essence
[17/3/2023 13:55:47] /i shadow essence
[17/3/2023 13:55:47] /i shadow essence
[17/3/2023 13:55:47] /i shadow essence
[17/3/2023 13:55:47] /i shadow essence
[17/3/2023 13:55:47] /i shadow essence
[17/3/2023 13:55:47] /i shadow essence
[17/3/2023 13:55:47] /i shadow essence
[17/3/2023 13:55:47] /i shadow essence
[17/3/2023 13:55:47] /i shadow essence
[17/3/2023 13:55:47] /i shadow essence
[17/3/2023 13:55:47] /i shadow essence
[17/3/2023 13:55:47] /i shadow essence
[17/3/2023 13:55:47] /i shadow essence
[17/3/2023 13:55:47] /i shadow essence
[17/3/2023 13:55:47] /i shadow essence
[17/3/2023 13:55:47] /i shadow essence
[17/3/2023 13:55:47] /i shadow essence
[17/3/2023 13:55:47] /i shadow essence
[17/3/2023 13:55:47] /i shadow essence
[17/3/2023 13:55:47] /i shadow essence
[17/3/2023 13:55:47] /i shadow essence
[17/3/2023 13:55:47] /i shadow essence
[17/3/2023 13:55:47] /i shadow essence
[17/3/2023 13:55:47] /i shadow essence
[17/3/2023 13:55:48] /i shadow essence
[17/3/2023 13:55:48] /i shadow essence
[17/3/2023 13:55:48] /i shadow essence
[17/3/2023 13:55:48] /i shadow essence
[17/3/2023 13:55:48] /i shadow essence
[17/3/2023 13:55:48] /i shadow essence
[17/3/2023 13:55:48] /i shadow essence
[17/3/2023 13:55:48] /i shadow essence
[17/3/2023 13:55:48] /i shadow essence
[17/3/2023 13:55:48] /i shadow essence
[17/3/2023 13:55:48] /i shadow essence
[17/3/2023 13:55:48] /i shadow essence
[17/3/2023 13:55:48] /i shadow essence
[17/3/2023 13:55:48] /i shadow essence
[17/3/2023 13:55:48] /i shadow essence
[17/3/2023 13:55:48] /i shadow essence
[17/3/2023 13:55:48] /i shadow essence
[17/3/2023 13:55:48] /i shadow essence
[17/3/2023 13:55:48] /i shadow essence
[17/3/2023 13:55:48] /i shadow essence
[17/3/2023 13:55:48] /i shadow essence
[17/3/2023 13:55:48] /i shadow essence
[17/3/2023 13:55:48] /i shadow essence
[17/3/2023 13:55:48] /i shadow essence
[17/3/2023 13:55:48] /i shadow essence
[17/3/2023 13:55:48] /i shadow essence
[17/3/2023 13:55:48] /i shadow essence
[17/3/2023 13:55:48] /i shadow essence
[17/3/2023 13:55:48] /i shadow essence
[17/3/2023 13:55:48] /i shadow essence
[17/3/2023 13:55:48] /i shadow essence
[17/3/2023 13:55:49] /i shadow essence
[17/3/2023 13:55:49] /i shadow essence
[17/3/2023 13:55:49] /i shadow essence
[17/3/2023 13:55:49] /i shadow essence
[17/3/2023 13:55:49] /i shadow essence
[17/3/2023 13:55:49] /i shadow essence
[17/3/2023 13:55:49] /i shadow essence
[17/3/2023 13:56:38] !tecnicas
[17/3/2023 14:23:16] /goto Relampago Mcqueen
[17/3/2023 14:23:55] /t
[17/3/2023 14:23:57] /c Relampago Mcqueen
[17/3/2023 14:24:2] /c Relampago Mcqueen
[17/3/2023 14:24:8] /c Relampago Mcqueen
[17/3/2023 14:24:15] /m Wolf
[17/3/2023 14:24:35] /i gold
[17/3/2023 14:24:51] /i gloves
[17/3/2023 14:24:54] /i glove
[17/3/2023 14:24:56] /m Wolf
[17/3/2023 14:24:57] /m Wolf
[17/3/2023 14:24:58] /m Wolf
[17/3/2023 14:24:58] /m Wolf
[17/3/2023 14:24:58] /m Wolf
[17/3/2023 14:24:59] /m Wolf
[17/3/2023 14:24:59] /m Wolf
[17/3/2023 14:24:59] /m Wolf
[17/3/2023 14:25:0] /m Wolf
[17/3/2023 14:25:0] /m Wolf
[17/3/2023 14:25:0] /m Wolf
[17/3/2023 14:25:0] /m Wolf
[17/3/2023 14:25:0] /m Wolf
[17/3/2023 14:25:0] /m Wolf
[17/3/2023 14:25:1] /m Wolf
[17/3/2023 14:25:1] /m Wolf
[17/3/2023 14:25:1] /m Wolf
[17/3/2023 14:25:2] /m Wolf
[17/3/2023 14:25:2] /m Wolf
[17/3/2023 14:25:2] /m Wolf
[17/3/2023 14:25:2] /m Wolf
[17/3/2023 14:25:2] /m Wolf
[17/3/2023 14:25:2] /m Wolf
[17/3/2023 14:25:3] /m Wolf
[17/3/2023 14:25:3] /m Wolf
[17/3/2023 14:25:3] /m Wolf
[17/3/2023 14:25:3] /m Wolf
[17/3/2023 14:25:4] /m Wolf
[17/3/2023 14:25:4] /m Wolf
[17/3/2023 14:25:4] /m Wolf
[17/3/2023 14:25:4] /m Wolf
[17/3/2023 14:25:4] /m Wolf
[17/3/2023 14:25:5] /m Wolf
[17/3/2023 14:25:5] /m Wolf
[17/3/2023 14:25:5] /m Wolf
[17/3/2023 14:25:5] /m Wolf
[17/3/2023 14:25:5] /m Wolf
[17/3/2023 14:25:6] /m Wolf
[17/3/2023 14:25:6] /m Wolf
[17/3/2023 14:25:6] /m Wolf
[17/3/2023 14:25:6] /m Wolf
[17/3/2023 14:25:6] /m Wolf
[17/3/2023 14:25:6] /m Wolf
[17/3/2023 14:25:7] /m Wolf
[17/3/2023 14:25:7] /m Wolf
[17/3/2023 14:25:7] /m Wolf
[17/3/2023 14:25:7] /m Wolf
[17/3/2023 14:25:7] /m Wolf
[17/3/2023 14:25:8] /m Wolf
[17/3/2023 14:25:8] /m Wolf
[17/3/2023 14:25:8] /m Wolf
[17/3/2023 14:25:8] /m Wolf
[17/3/2023 14:25:8] /m Wolf
[17/3/2023 14:25:8] /m Wolf
[17/3/2023 14:25:9] /m Wolf
[17/3/2023 14:25:9] /m Wolf
[17/3/2023 14:25:9] /m Wolf
[17/3/2023 14:25:9] /m Wolf
[17/3/2023 14:25:9] /m Wolf
[17/3/2023 14:25:10] /m Wolf
[17/3/2023 14:25:10] /m Wolf
[17/3/2023 14:25:10] /m Wolf
[17/3/2023 14:25:10] /m Wolf
[17/3/2023 14:25:10] /m Wolf
[17/3/2023 14:25:10] /m Wolf
[17/3/2023 14:25:11] /m Wolf
[17/3/2023 14:25:11] /m Wolf
[17/3/2023 14:25:11] /m Wolf
[17/3/2023 14:25:11] /m Wolf
[17/3/2023 14:25:11] /m Wolf
[17/3/2023 14:25:12] /m Wolf
[17/3/2023 14:25:12] /m Wolf
[17/3/2023 14:25:12] /m Wolf
[17/3/2023 14:25:12] /m Wolf
[17/3/2023 14:25:12] /m Wolf
[17/3/2023 14:25:13] /m Wolf
[17/3/2023 14:25:13] /m Wolf
[17/3/2023 14:25:13] /m Wolf
[17/3/2023 14:25:13] /m Wolf
[17/3/2023 14:25:13] /m Wolf
[17/3/2023 14:25:13] /m Wolf
[17/3/2023 14:25:14] /m Wolf
[17/3/2023 14:25:14] /m Wolf
[17/3/2023 14:25:14] /m Wolf
[17/3/2023 14:25:14] /m Wolf
[17/3/2023 14:25:15] /a 2
[17/3/2023 14:25:18] /up
[17/3/2023 14:25:19] /a 5
[17/3/2023 14:25:20] /a 2
[17/3/2023 14:25:20] /a 2
[17/3/2023 14:25:20] /a 2
[17/3/2023 14:25:20] /a 2
[17/3/2023 14:25:20] /a 2
[17/3/2023 14:25:20] /a 2
[17/3/2023 14:25:20] /a 2
[17/3/2023 14:25:21] /a 2
[17/3/2023 14:25:21] /a 2
[17/3/2023 14:25:21] /a 2
[17/3/2023 14:25:21] /a 2
[17/3/2023 14:25:21] /a 2
[17/3/2023 14:25:21] /a 2
[17/3/2023 14:25:21] /a 2
[17/3/2023 14:25:21] /a 2
[17/3/2023 14:25:21] /a 2
[17/3/2023 14:25:21] /a 2
[17/3/2023 14:25:21] /a 2
[17/3/2023 14:25:21] /a 2
[17/3/2023 14:25:21] /a 2
[17/3/2023 14:25:21] /a 2
[17/3/2023 14:25:21] /a 2
[17/3/2023 14:25:21] /a 2
[17/3/2023 14:25:21] /a 2
[17/3/2023 14:25:21] /a 2
[17/3/2023 14:25:22] /a 2
[17/3/2023 14:25:22] /a 2
[17/3/2023 14:25:22] /a 2
[17/3/2023 14:25:22] /a 2
[17/3/2023 14:25:22] /a 2
[17/3/2023 14:25:22] /a 2
[17/3/2023 14:25:22] /a 2
[17/3/2023 14:25:22] /a 2
[17/3/2023 14:25:23] /a 2
[17/3/2023 14:25:23] /a 2
[17/3/2023 14:25:23] /a 2
[17/3/2023 14:25:23] /a 2
[17/3/2023 14:25:23] /a 2
[17/3/2023 14:25:23] /a 2
[17/3/2023 14:25:23] /a 2
[17/3/2023 14:25:23] /a 2
[17/3/2023 14:25:23] /a 2
[17/3/2023 14:25:23] /a 2
[17/3/2023 14:25:23] /a 2
[17/3/2023 14:25:24] /a 2
[17/3/2023 14:25:24] /a 2
[17/3/2023 14:25:25] /c Wolf
[17/3/2023 14:25:34] /c Relampago Mcqueen
[17/3/2023 14:26:13] /i senzu bean
[17/3/2023 14:28:41] /t
[17/3/2023 14:28:43] /c Relampago Mcqueen
[17/3/2023 14:28:45] /c Relampago Mcqueen
[17/3/2023 14:31:4] /ghost
[17/3/2023 14:31:6] /goto Relampago Mcqueen
[17/3/2023 14:31:8] /goto Relampago Mcqueen
[17/3/2023 14:31:9] /goto Relampago Mcqueen
[17/3/2023 14:31:9] /goto Relampago Mcqueen
[17/3/2023 14:31:9] /goto Relampago Mcqueen
[17/3/2023 14:31:10] /goto Relampago Mcqueen
[17/3/2023 14:31:10] /goto Relampago Mcqueen
[17/3/2023 14:31:11] /goto Relampago Mcqueen
[17/3/2023 14:31:11] /goto Relampago Mcqueen
[17/3/2023 14:31:12] /goto Relampago Mcqueen
[17/3/2023 14:31:12] /goto Relampago Mcqueen
[17/3/2023 14:31:13] /goto Relampago Mcqueen
[17/3/2023 14:31:13] /goto Relampago Mcqueen
[17/3/2023 14:31:14] /goto Relampago Mcqueen
[17/3/2023 14:31:14] /goto Relampago Mcqueen
[17/3/2023 14:31:17] /goto Relampago Mcqueen
[17/3/2023 14:31:18] /goto Relampago Mcqueen
[17/3/2023 14:31:19] /goto Relampago Mcqueen
[17/3/2023 14:31:19] /goto Relampago Mcqueen
[17/3/2023 14:31:20] /goto Relampago Mcqueen
[17/3/2023 14:31:20] /goto Relampago Mcqueen
[17/3/2023 14:31:21] /goto Relampago Mcqueen
[17/3/2023 14:31:21] /goto Relampago Mcqueen
[17/3/2023 14:31:22] /goto Relampago Mcqueen
[17/3/2023 14:31:22] /goto Relampago Mcqueen
[17/3/2023 14:31:23] /goto Relampago Mcqueen
[17/3/2023 14:31:23] /goto Relampago Mcqueen
[17/3/2023 14:31:23] /goto Relampago Mcqueen
[17/3/2023 14:31:24] /goto Relampago Mcqueen
[17/3/2023 14:32:27] /m Dodoria
[17/3/2023 14:32:27] /m Dodoria
[17/3/2023 14:32:27] /m Dodoria
[17/3/2023 14:32:27] /m Dodoria
[17/3/2023 14:32:28] /m Dodoria
[17/3/2023 14:32:28] /m Dodoria
[17/3/2023 14:32:29] /m Dodoria
[17/3/2023 14:32:29] /m Dodoria
[17/3/2023 14:32:29] /m Dodoria
[17/3/2023 14:32:30] /m Dodoria
[17/3/2023 14:32:30] /m Dodoria
[17/3/2023 14:32:38] /m Dodoria
[17/3/2023 14:32:40] /m Dodoria
[17/3/2023 14:32:40] /m Dodoria
[17/3/2023 14:32:44] /m Dodoria
[17/3/2023 14:32:46] /m Dodoria
[17/3/2023 14:32:47] /m Dodoria
[17/3/2023 14:32:47] /m Dodoria
[17/3/2023 14:32:51] /m Dodoria
[17/3/2023 14:32:52] /m Dodoria
[17/3/2023 14:32:52] /m Dodoria
[17/3/2023 14:32:52] /m Dodoria
[17/3/2023 14:32:53] /m Dodoria
[17/3/2023 14:32:53] /m Dodoria
[17/3/2023 14:32:53] /m Dodoria
[17/3/2023 14:32:53] /m Dodoria
[17/3/2023 14:32:53] /m Dodoria
[17/3/2023 14:32:54] /m Dodoria
[17/3/2023 14:32:54] /m Dodoria
[17/3/2023 14:32:54] /m Dodoria
[17/3/2023 14:32:54] /m Dodoria
[17/3/2023 14:33:6] /m Dodoria
[17/3/2023 14:33:7] /m Dodoria
[17/3/2023 14:33:13] /m Freeza
[17/3/2023 14:33:14] /m Freeza
[17/3/2023 14:33:14] /m Freeza
[17/3/2023 14:33:14] /m Freeza
[17/3/2023 14:33:14] /m Freeza
[17/3/2023 14:33:15] /m Freeza
[17/3/2023 14:33:16] /m Freeza
[17/3/2023 14:33:16] /m Freeza
[17/3/2023 14:33:16] /m Freeza
[17/3/2023 14:33:16] /m Freeza
[17/3/2023 14:33:16] /m Freeza
[17/3/2023 14:33:16] /m Freeza
[17/3/2023 14:33:17] /m Freeza
[17/3/2023 14:33:17] /m Freeza
[17/3/2023 14:33:17] /m Freeza
[17/3/2023 14:33:17] /m Freeza
[17/3/2023 14:33:17] /m Freeza
[17/3/2023 14:33:18] /m Freeza
[17/3/2023 14:33:18] /m Freeza
[17/3/2023 14:33:18] /m Freeza
[17/3/2023 14:33:18] /m Freeza
[17/3/2023 14:33:18] /m Freeza
[17/3/2023 14:33:18] /m Freeza
[17/3/2023 14:33:19] /m Freeza
[17/3/2023 14:33:20] /a 2
[17/3/2023 14:33:20] /a 2
[17/3/2023 14:33:21] /a 2
[17/3/2023 14:33:21] /a 2
[17/3/2023 14:33:21] /a 2
[17/3/2023 14:33:21] /a 2
[17/3/2023 14:33:21] /a 2
[17/3/2023 14:33:22] /a 2
[17/3/2023 14:33:22] /a 2
[17/3/2023 14:33:22] /a 2
[17/3/2023 14:33:22] /a 2
[17/3/2023 14:33:22] /a 2
[17/3/2023 14:33:22] /a 2
[17/3/2023 14:33:23] /a 2
[17/3/2023 14:33:23] /a 2
[17/3/2023 14:33:23] /a 2
[17/3/2023 14:33:23] /a 2
[17/3/2023 14:33:24] /a 2
[17/3/2023 14:33:24] /a 2
[17/3/2023 14:33:25] /a 2
[17/3/2023 14:33:42] /m Freeza
[17/3/2023 14:33:43] /m Freeza
[17/3/2023 14:33:43] /m Freeza
[17/3/2023 14:33:44] /m Freeza
[17/3/2023 14:33:44] /m Freeza
[17/3/2023 14:33:44] /m Freeza
[17/3/2023 14:33:44] /m Freeza
[17/3/2023 14:33:45] /m Freeza
[17/3/2023 14:33:45] /m Freeza
[17/3/2023 14:33:45] /m Freeza
[17/3/2023 14:33:45] /m Freeza
[17/3/2023 14:33:45] /m Freeza
[17/3/2023 14:33:46] /m Freeza
[17/3/2023 14:33:46] /m Freeza
[17/3/2023 14:33:46] /m Freeza
[17/3/2023 14:33:46] /m Freeza
[17/3/2023 14:33:46] /m Freeza
[17/3/2023 14:33:47] /m Freeza
[17/3/2023 14:33:47] /m Freeza
[17/3/2023 14:33:47] /m Freeza
[17/3/2023 14:33:47] /m Freeza
[17/3/2023 14:33:47] /m Freeza
[17/3/2023 14:33:47] /m Freeza
[17/3/2023 14:33:48] /m Freeza
[17/3/2023 14:33:48] /m Freeza
[17/3/2023 14:33:48] /m Freeza
[17/3/2023 14:33:48] /m Freeza
[17/3/2023 14:33:48] /m Freeza
[17/3/2023 14:33:48] /m Freeza
[17/3/2023 14:33:49] /m Freeza
[17/3/2023 14:33:49] /m Freeza
[17/3/2023 14:33:49] /m Freeza
[17/3/2023 14:33:49] /m Freeza
[17/3/2023 14:33:49] /m Freeza
[17/3/2023 14:33:50] /m Freeza
[17/3/2023 14:33:50] /m Freeza
[17/3/2023 14:33:50] /m Freeza
[17/3/2023 14:33:50] /m Freeza
[17/3/2023 14:33:50] /m Freeza
[17/3/2023 14:33:50] /m Freeza
[17/3/2023 14:33:51] /m Freeza
[17/3/2023 14:33:51] /m Freeza
[17/3/2023 14:33:52] /a 2
[17/3/2023 14:33:53] /a 2
[17/3/2023 14:33:53] /a 2
[17/3/2023 14:33:53] /a 2
[17/3/2023 14:33:53] /a 2
[17/3/2023 14:33:53] /a 2
[17/3/2023 14:33:54] /a 2
[17/3/2023 14:33:54] /a 2
[17/3/2023 14:33:54] /a 2
[17/3/2023 14:33:54] /a 2
[17/3/2023 14:33:54] /a 2
[17/3/2023 14:33:55] /a 2
[17/3/2023 14:33:55] /a 2
[17/3/2023 14:33:55] /a 2
[17/3/2023 14:33:55] /m Freeza
[17/3/2023 14:33:55] /m Freeza
[17/3/2023 14:33:56] /m Freeza
[17/3/2023 14:33:56] /a 2
[17/3/2023 14:33:56] /a 2
[17/3/2023 14:33:56] /a 2
[17/3/2023 14:34:18] /m Freeza
[17/3/2023 14:34:19] /a 2
[17/3/2023 14:34:20] /a 2
[17/3/2023 14:34:20] /a 2
[17/3/2023 14:34:21] /a 2
[17/3/2023 14:34:21] /a 2
[17/3/2023 14:34:22] /a 2
[17/3/2023 14:34:22] /a 2
[17/3/2023 14:34:22] /a 2
[17/3/2023 14:34:22] /a 2
[17/3/2023 14:34:23] /a 2
[17/3/2023 14:34:23] /a 2
[17/3/2023 14:34:23] /a 2
[17/3/2023 14:34:23] /a 2
[17/3/2023 14:34:24] /a 2
[17/3/2023 14:34:24] /a 2
[17/3/2023 14:34:28] /m Freeza
[17/3/2023 14:35:8] /goto Relampago Mcqueen
[17/3/2023 14:35:19] /m Freeza
[17/3/2023 14:35:20] /m Freeza
[17/3/2023 14:35:20] /m Freeza
[17/3/2023 14:35:20] /m Freeza
[17/3/2023 14:35:25] /m Freeza
[17/3/2023 14:35:26] /m Freeza
[17/3/2023 14:35:27] /m Freeza
[17/3/2023 14:35:27] /m Freeza
[17/3/2023 14:35:27] /m Freeza
[17/3/2023 14:35:27] /m Freeza
[17/3/2023 14:35:27] /m Freeza
[17/3/2023 14:35:28] /m Freeza
[17/3/2023 14:35:28] /m Freeza
[17/3/2023 14:35:28] /m Freeza
[17/3/2023 14:35:28] /m Freeza
[17/3/2023 14:35:29] /m Freeza
[17/3/2023 14:35:29] /m Freeza
[17/3/2023 14:35:29] /m Freeza
[17/3/2023 14:35:29] /m Freeza
[17/3/2023 14:35:29] /m Freeza
[17/3/2023 14:35:30] /m Freeza
[17/3/2023 14:35:30] /m Freeza
[17/3/2023 14:35:30] /m Freeza
[17/3/2023 14:35:30] /m Freeza
[17/3/2023 14:35:30] /m Freeza
[17/3/2023 14:35:31] /m Freeza
[17/3/2023 14:35:31] /m Freeza
[17/3/2023 14:35:31] /m Freeza
[17/3/2023 14:35:31] /m Freeza
[17/3/2023 14:35:31] /m Freeza
[17/3/2023 14:35:32] /m Freeza
[17/3/2023 14:35:32] /m Freeza
[17/3/2023 14:35:32] /m Freeza
[17/3/2023 14:35:32] /m Freeza
[17/3/2023 14:35:32] /m Freeza
[17/3/2023 14:35:33] /m Freeza
[17/3/2023 14:35:33] /m Freeza
[17/3/2023 14:35:33] /m Freeza
[17/3/2023 14:35:33] /m Freeza
[17/3/2023 14:35:33] /m Freeza
[17/3/2023 14:35:34] /m Freeza
[17/3/2023 14:35:34] /m Freeza
[17/3/2023 14:35:34] /m Freeza
[17/3/2023 14:35:34] /m Freeza
[17/3/2023 14:35:34] /m Freeza
[17/3/2023 14:35:35] /m Freeza
[17/3/2023 14:35:35] /m Freeza
[17/3/2023 14:35:35] /m Freeza
[17/3/2023 14:35:35] /m Freeza
[17/3/2023 14:35:36] /m Freeza
[17/3/2023 14:36:13] /m Freeza
[17/3/2023 14:36:18] /m Freeza
[17/3/2023 14:36:19] /m Freeza
[17/3/2023 14:36:19] /m Freeza
[17/3/2023 14:36:20] /m Freeza
[17/3/2023 14:36:20] /m Freeza
[17/3/2023 14:36:20] /m Freeza
[17/3/2023 14:36:21] /m Freeza
[17/3/2023 14:36:21] /m Freeza
[17/3/2023 14:36:43] /goto Relampago Mcqueen
[17/3/2023 14:36:52] /goto Relampago Mcqueen
[17/3/2023 14:36:57] /goto Relampago Mcqueen
[17/3/2023 14:36:58] /goto Relampago Mcqueen
[17/3/2023 14:36:59] /goto Relampago Mcqueen
[17/3/2023 14:37:0] /goto Relampago Mcqueen
[17/3/2023 14:37:1] /goto Relampago Mcqueen
[17/3/2023 14:37:1] /goto Relampago Mcqueen
[17/3/2023 14:37:2] /goto Relampago Mcqueen
[17/3/2023 14:37:3] /goto Relampago Mcqueen
[17/3/2023 14:37:3] /goto Relampago Mcqueen
[17/3/2023 14:37:4] /goto Relampago Mcqueen
[17/3/2023 14:37:4] /goto Relampago Mcqueen
[17/3/2023 14:37:5] /goto Relampago Mcqueen
[17/3/2023 14:37:6] /goto Relampago Mcqueen
[17/3/2023 14:37:6] /goto Relampago Mcqueen
[17/3/2023 14:37:7] /goto Relampago Mcqueen
[17/3/2023 14:37:8] /goto Relampago Mcqueen
[17/3/2023 14:37:8] /goto Relampago Mcqueen
[17/3/2023 14:37:9] /goto Relampago Mcqueen
[17/3/2023 14:37:10] /goto Relampago Mcqueen
[17/3/2023 14:37:10] /goto Relampago Mcqueen
[17/3/2023 14:37:11] /goto Relampago Mcqueen
[17/3/2023 14:37:11] /goto Relampago Mcqueen
[17/3/2023 14:37:13] /goto Relampago Mcqueen
[17/3/2023 14:37:22] /goto Relampago Mcqueen
[17/3/2023 14:37:24] /goto Relampago Mcqueen
[17/3/2023 14:37:25] /goto Relampago Mcqueen
[17/3/2023 14:37:25] /goto Relampago Mcqueen
[17/3/2023 14:37:26] /goto Relampago Mcqueen
[17/3/2023 14:37:27] /goto Relampago Mcqueen
[17/3/2023 14:37:27] /goto Relampago Mcqueen
[17/3/2023 14:37:28] /goto Relampago Mcqueen
[17/3/2023 14:37:37] /goto Relampago Mcqueen
[17/3/2023 14:37:45] /goto Relampago Mcqueen
[17/3/2023 14:37:52] /goto Relampago Mcqueen
[17/3/2023 14:38:7] /goto Relampago Mcqueen
[17/3/2023 14:38:9] /goto Relampago Mcqueen
[17/3/2023 14:38:10] /goto Relampago Mcqueen
[17/3/2023 14:38:10] /goto Relampago Mcqueen
[17/3/2023 14:38:11] /goto Relampago Mcqueen
[17/3/2023 14:38:11] /goto Relampago Mcqueen
[17/3/2023 14:38:12] /goto Relampago Mcqueen
[17/3/2023 14:38:12] /goto Relampago Mcqueen
[17/3/2023 14:38:13] /goto Relampago Mcqueen
[17/3/2023 14:38:13] /goto Relampago Mcqueen
[17/3/2023 14:38:14] /goto Relampago Mcqueen
[17/3/2023 14:38:18] /goto Relampago Mcqueen
[17/3/2023 14:38:19] /goto Relampago Mcqueen
[17/3/2023 14:38:19] /goto Relampago Mcqueen
[17/3/2023 14:38:20] /goto Relampago Mcqueen
[17/3/2023 14:38:20] /goto Relampago Mcqueen
[17/3/2023 14:38:20] /goto Relampago Mcqueen
[17/3/2023 14:38:20] /goto Relampago Mcqueen
[17/3/2023 14:38:21] /goto Relampago Mcqueen
[17/3/2023 14:38:21] /goto Relampago Mcqueen
[17/3/2023 14:38:21] /goto Relampago Mcqueen
[17/3/2023 14:38:21] /goto Relampago Mcqueen
[17/3/2023 14:38:22] /goto Relampago Mcqueen
[17/3/2023 14:38:22] /goto Relampago Mcqueen
[17/3/2023 14:38:22] /goto Relampago Mcqueen
[17/3/2023 14:38:22] /goto Relampago Mcqueen
[17/3/2023 14:38:22] /goto Relampago Mcqueen
[17/3/2023 14:38:22] /goto Relampago Mcqueen
[17/3/2023 14:38:22] /goto Relampago Mcqueen
[17/3/2023 14:38:22] /goto Relampago Mcqueen
[17/3/2023 14:38:22] /goto Relampago Mcqueen
[17/3/2023 14:38:22] /goto Relampago Mcqueen
[17/3/2023 14:38:22] /goto Relampago Mcqueen
[17/3/2023 14:38:22] /goto Relampago Mcqueen
[17/3/2023 14:38:22] /goto Relampago Mcqueen
[17/3/2023 14:38:22] /goto Relampago Mcqueen
[17/3/2023 14:38:22] /goto Relampago Mcqueen
[17/3/2023 14:38:22] /goto Relampago Mcqueen
[17/3/2023 14:38:22] /goto Relampago Mcqueen
[17/3/2023 14:38:22] /goto Relampago Mcqueen
[17/3/2023 14:38:22] /goto Relampago Mcqueen
[17/3/2023 14:38:22] /goto Relampago Mcqueen
[17/3/2023 14:38:23] /goto Relampago Mcqueen
[17/3/2023 14:38:23] /goto Relampago Mcqueen
[17/3/2023 14:38:23] /goto Relampago Mcqueen
[17/3/2023 14:38:23] /goto Relampago Mcqueen
[17/3/2023 14:38:23] /goto Relampago Mcqueen
[17/3/2023 14:38:23] /goto Relampago Mcqueen
[17/3/2023 14:38:23] /goto Relampago Mcqueen
[17/3/2023 14:38:23] /goto Relampago Mcqueen
[17/3/2023 14:38:23] /goto Relampago Mcqueen
[17/3/2023 14:38:23] /goto Relampago Mcqueen
[17/3/2023 14:38:23] /goto Relampago Mcqueen
[17/3/2023 14:38:23] /goto Relampago Mcqueen
[17/3/2023 14:38:23] /goto Relampago Mcqueen
[17/3/2023 14:38:23] /goto Relampago Mcqueen
[17/3/2023 14:38:23] /goto Relampago Mcqueen
[17/3/2023 14:38:23] /goto Relampago Mcqueen
[17/3/2023 14:38:23] /goto Relampago Mcqueen
[17/3/2023 14:38:23] /goto Relampago Mcqueen
[17/3/2023 14:38:23] /goto Relampago Mcqueen
[17/3/2023 14:38:23] /goto Relampago Mcqueen
[17/3/2023 14:38:23] /goto Relampago Mcqueen
[17/3/2023 14:38:23] /goto Relampago Mcqueen
[17/3/2023 14:38:23] /goto Relampago Mcqueen
[17/3/2023 14:38:23] /goto Relampago Mcqueen
[17/3/2023 14:38:23] /goto Relampago Mcqueen
[17/3/2023 14:38:23] /goto Relampago Mcqueen
[17/3/2023 14:38:23] /goto Relampago Mcqueen
[17/3/2023 14:38:23] /goto Relampago Mcqueen
[17/3/2023 14:38:23] /goto Relampago Mcqueen
[17/3/2023 14:38:23] /goto Relampago Mcqueen
[17/3/2023 14:38:23] /goto Relampago Mcqueen
[17/3/2023 14:38:24] /goto Relampago Mcqueen
[17/3/2023 14:38:24] /goto Relampago Mcqueen
[17/3/2023 14:38:24] /goto Relampago Mcqueen
[17/3/2023 14:38:24] /goto Relampago Mcqueen
[17/3/2023 14:38:24] /goto Relampago Mcqueen
[17/3/2023 14:38:24] /goto Relampago Mcqueen
[17/3/2023 14:38:24] /goto Relampago Mcqueen
[17/3/2023 14:38:24] /goto Relampago Mcqueen
[17/3/2023 14:38:24] /goto Relampago Mcqueen
[17/3/2023 14:38:24] /goto Relampago Mcqueen
[17/3/2023 14:38:24] /goto Relampago Mcqueen
[17/3/2023 14:38:24] /goto Relampago Mcqueen
[17/3/2023 14:38:24] /goto Relampago Mcqueen
[17/3/2023 14:38:24] /goto Relampago Mcqueen
[17/3/2023 14:38:24] /goto Relampago Mcqueen
[17/3/2023 14:38:24] /goto Relampago Mcqueen
[17/3/2023 14:38:24] /goto Relampago Mcqueen
[17/3/2023 14:38:24] /goto Relampago Mcqueen
[17/3/2023 14:38:24] /goto Relampago Mcqueen
[17/3/2023 14:38:24] /goto Relampago Mcqueen
[17/3/2023 14:38:24] /goto Relampago Mcqueen
[17/3/2023 14:38:24] /goto Relampago Mcqueen
[17/3/2023 14:38:24] /goto Relampago Mcqueen
[17/3/2023 14:38:24] /goto Relampago Mcqueen
[17/3/2023 14:38:24] /goto Relampago Mcqueen
[17/3/2023 14:38:24] /goto Relampago Mcqueen
[17/3/2023 14:38:24] /goto Relampago Mcqueen
[17/3/2023 14:38:24] /goto Relampago Mcqueen
[17/3/2023 14:38:24] /goto Relampago Mcqueen
[17/3/2023 14:38:26] /goto Relampago Mcqueen
[17/3/2023 14:38:27] /goto Relampago Mcqueen
[17/3/2023 14:38:52] /goto Relampago Mcqueen
[17/3/2023 14:38:53] /goto Relampago Mcqueen
[17/3/2023 14:38:54] /goto Relampago Mcqueen
[17/3/2023 14:38:55] /goto Relampago Mcqueen
[17/3/2023 14:39:33] /goto Relampago Mcqueen
[17/3/2023 14:39:38] /goto Relampago Mcqueen
[17/3/2023 14:40:21] /goto Relampago Mcqueen
[17/3/2023 14:40:32] /goto Relampago Mcqueen
[17/3/2023 14:40:33] /goto Relampago Mcqueen
[17/3/2023 14:40:34] /goto Relampago Mcqueen
[17/3/2023 14:40:34] /goto Relampago Mcqueen
[17/3/2023 14:40:34] /goto Relampago Mcqueen
[17/3/2023 14:40:34] /goto Relampago Mcqueen
[17/3/2023 14:40:45] /goto Relampago Mcqueen
[17/3/2023 14:40:45] /goto Relampago Mcqueen
[17/3/2023 14:40:46] /goto Relampago Mcqueen
[17/3/2023 14:40:46] /goto Relampago Mcqueen
[17/3/2023 14:40:47] /goto Relampago Mcqueen
[17/3/2023 14:40:47] /goto Relampago Mcqueen
[17/3/2023 14:40:48] /goto Relampago Mcqueen
[17/3/2023 14:40:48] /goto Relampago Mcqueen
[17/3/2023 14:41:53] /goto Relampago Mcqueen
[17/3/2023 14:41:55] /goto Relampago Mcqueen
[17/3/2023 14:41:55] /goto Relampago Mcqueen
[17/3/2023 14:41:55] /goto Relampago Mcqueen
[17/3/2023 14:41:56] /goto Relampago Mcqueen
[17/3/2023 14:41:56] /goto Relampago Mcqueen
[17/3/2023 14:41:57] /goto Relampago Mcqueen
[17/3/2023 14:41:58] /goto Relampago Mcqueen
[17/3/2023 14:41:59] /goto Relampago Mcqueen
[17/3/2023 14:42:0] /goto Relampago Mcqueen
[17/3/2023 14:42:1] /goto Relampago Mcqueen
[17/3/2023 14:42:1] /goto Relampago Mcqueen
[17/3/2023 14:42:1] /goto Relampago Mcqueen
[17/3/2023 14:42:11] /goto Relampago Mcqueen
[17/3/2023 14:42:11] /goto Relampago Mcqueen
[17/3/2023 14:42:12] /goto Relampago Mcqueen
[17/3/2023 14:42:12] /goto Relampago Mcqueen
[17/3/2023 14:42:13] /goto Relampago Mcqueen
[17/3/2023 14:42:13] /goto Relampago Mcqueen
[17/3/2023 14:42:13] /goto Relampago Mcqueen
[17/3/2023 14:42:14] /goto Relampago Mcqueen
[17/3/2023 14:42:15] /goto Relampago Mcqueen
[17/3/2023 14:42:33] /goto Relampago Mcqueen
[17/3/2023 14:42:34] /goto Relampago Mcqueen
[17/3/2023 14:42:34] /goto Relampago Mcqueen
[17/3/2023 14:42:35] /goto Relampago Mcqueen
[17/3/2023 14:42:35] /goto Relampago Mcqueen
[17/3/2023 14:42:35] /goto Relampago Mcqueen
[17/3/2023 14:42:37] /goto Relampago Mcqueen
[17/3/2023 14:42:38] /goto Relampago Mcqueen
[17/3/2023 14:44:37] /goto Relampago Mcqueen
[17/3/2023 14:44:38] /goto Relampago Mcqueen
[17/3/2023 14:44:39] /goto Relampago Mcqueen
[17/3/2023 14:45:3] /goto Relampago Mcqueen
[17/3/2023 14:45:4] /t
[17/3/2023 14:47:30] /i black senzu
[17/3/2023 14:48:5] /i croner senzu
[17/3/2023 14:48:13] /i senzu vip
[17/3/2023 14:48:16] /ghost
[17/3/2023 14:48:19] /i black senzu
[17/3/2023 14:48:23] /i vip senzu
[17/3/2023 14:48:37] /i 5949
[17/3/2023 15:19:36] /t
[17/3/2023 15:43:46] /i wars soul
[17/3/2023 15:43:51] /i war soul
[17/3/2023 15:43:54] /i wars souls
[17/3/2023 15:44:27] /i Wars Souls Poin
[17/3/2023 15:44:29] /i Wars Souls Poin
[17/3/2023 15:44:31] /i Wars Souls Point
[17/3/2023 15:47:44] /t 2
[17/3/2023 15:47:45] /t 3
[17/3/2023 15:47:47] /t
[17/3/2023 15:47:50] /up
[17/3/2023 15:51:23] /i parcel
[17/3/2023 15:51:26] /i label
[17/3/2023 15:51:39] /i mailbox
[17/3/2023 15:51:51] /r
[17/3/2023 15:51:52] /r
[17/3/2023 15:52:53] /a 2
[17/3/2023 15:52:53] /a 2
[17/3/2023 15:52:53] /a 2
[17/3/2023 15:52:53] /a 2
[17/3/2023 15:52:53] /a 2
[17/3/2023 15:52:53] /a 2
[17/3/2023 15:52:53] /a 2
[17/3/2023 15:52:53] /a 2
[17/3/2023 15:52:53] /a 2
[17/3/2023 15:52:53] /a 2
[17/3/2023 15:52:53] /a 2
[17/3/2023 15:52:53] /a 2
[17/3/2023 15:52:54] /a 2
[17/3/2023 15:52:54] /a 2
[17/3/2023 15:52:54] /a 2
[17/3/2023 15:52:54] /a 2
[17/3/2023 15:52:54] /a 2
[17/3/2023 15:52:54] /a 2
[17/3/2023 15:52:54] /a 2
[17/3/2023 15:52:54] /a 2
[17/3/2023 15:52:54] /a 2
[17/3/2023 15:52:54] /a 2
[17/3/2023 15:52:54] /a 2
[17/3/2023 15:52:54] /a 2
[17/3/2023 15:52:54] /a 2
[17/3/2023 15:52:54] /a 2
[17/3/2023 15:52:54] /a 2
[17/3/2023 15:52:54] /a 2
[17/3/2023 15:52:54] /a 2
[17/3/2023 15:52:54] /a 2
[17/3/2023 15:52:55] /a 2
[17/3/2023 15:52:55] /a 2
[17/3/2023 15:52:55] /a 2
[17/3/2023 15:52:55] /a 2
[17/3/2023 15:52:55] /a 2
[17/3/2023 15:52:55] /a 2
[17/3/2023 15:52:55] /a 2
[17/3/2023 15:52:55] /a 2
[17/3/2023 15:52:55] /a 2
[17/3/2023 15:52:55] /a 2
[17/3/2023 15:52:55] /a 2
[17/3/2023 15:52:55] /a 2
[17/3/2023 15:52:55] /a 2
[17/3/2023 15:52:55] /a 2
[17/3/2023 15:52:55] /a 2
[17/3/2023 15:52:55] /a 2
[17/3/2023 15:52:55] /a 2
[17/3/2023 15:52:55] /a 2
[17/3/2023 15:52:56] /a 2
[17/3/2023 15:52:56] /a 2
[17/3/2023 15:52:56] /a 2
[17/3/2023 15:52:57] /down
[17/3/2023 15:52:57] /a 2
[17/3/2023 15:52:58] /a 2
[17/3/2023 15:52:58] /a 2
[17/3/2023 15:52:58] /a 2
[17/3/2023 15:52:58] /a 2
[17/3/2023 15:52:58] /a 2
[17/3/2023 15:52:58] /a 2
[17/3/2023 15:52:58] /a 2
[17/3/2023 15:52:58] /a 2
[17/3/2023 15:52:58] /a 2
[17/3/2023 15:52:58] /a 2
[17/3/2023 15:52:58] /a 2
[17/3/2023 15:52:58] /a 2
[17/3/2023 15:52:58] /a 2
[17/3/2023 15:52:58] /a 2
[17/3/2023 15:52:58] /a 2
[17/3/2023 15:52:58] /a 2
[17/3/2023 15:52:58] /a 2
[17/3/2023 15:52:58] /a 2
[17/3/2023 15:52:59] /a 2
[17/3/2023 15:52:59] /a 2
[17/3/2023 15:52:59] /a 2
[17/3/2023 15:52:59] /a 2
[17/3/2023 15:53:0] /a 2
[17/3/2023 15:53:0] /a 2
[17/3/2023 15:53:0] /a 2
[17/3/2023 15:53:0] /a 2
[17/3/2023 15:53:0] /a 2
[17/3/2023 15:53:0] /a 2
[17/3/2023 15:53:1] /a 2
[17/3/2023 15:54:2] /up
[17/3/2023 15:54:9] /a 2
[17/3/2023 15:54:49] /i parcel
[17/3/2023 15:54:59] /i label
[17/3/2023 15:55:47] /i 8303
[17/3/2023 15:57:48] /i 2345
[17/3/2023 15:59:8] /i Poi Exp Scroll
[17/3/2023 15:59:31] /i glove
[17/3/2023 16:4:6] /reload actions
[17/3/2023 16:4:8] /i glove
[17/3/2023 16:5:2] /reload actions
[17/3/2023 16:5:13] /i glove
[17/3/2023 16:5:36] /reload actions
[17/3/2023 16:5:40] /i glove
[17/3/2023 16:6:7] /i  upgrades
[17/3/2023 16:6:9] /i  upgrade
[17/3/2023 16:7:6] /reload actions
[17/3/2023 16:7:45] /reload actions
[17/3/2023 16:7:51] /t
[17/3/2023 16:15:59] /i gold
[17/3/2023 16:20:27] /reload actions
[17/3/2023 16:20:29] /reload globalevents
[17/3/2023 17:22:10] /i parcel
[17/3/2023 17:22:11] /a 2
[17/3/2023 17:22:12] /a 2
[17/3/2023 17:22:12] /a 2
[17/3/2023 17:22:12] /a 2
[17/3/2023 17:22:12] /a 2
[17/3/2023 17:22:12] /a 2
[17/3/2023 17:22:12] /a 2
[17/3/2023 17:22:12] /a 2
[17/3/2023 17:22:12] /a 2
[17/3/2023 17:22:12] /a 2
[17/3/2023 17:22:12] /a 2
[17/3/2023 17:22:12] /a 2
[17/3/2023 17:22:12] /a 2
[17/3/2023 17:22:12] /a 2
[17/3/2023 17:22:12] /a 2
[17/3/2023 17:22:12] /a 2
[17/3/2023 17:22:12] /a 2
[17/3/2023 17:22:13] /a 2
[17/3/2023 17:22:13] /a 2
[17/3/2023 17:22:14] /up
[17/3/2023 17:22:15] /a 2
[17/3/2023 17:22:15] /a 2
[17/3/2023 17:22:15] /a 2
[17/3/2023 17:22:16] /a 2
[17/3/2023 17:22:16] /a 2
[17/3/2023 17:22:16] /a 2
[17/3/2023 17:22:16] /a 2
[17/3/2023 17:22:17] /a 2
[17/3/2023 17:22:19] /a 5
[17/3/2023 17:22:20] /up
[17/3/2023 17:22:21] /up
[17/3/2023 17:22:24] /a
[17/3/2023 17:22:57] /t
[17/3/2023 17:23:12] /a 2
[17/3/2023 17:23:13] /a 2
[17/3/2023 17:23:13] /a 2
[17/3/2023 17:23:13] /a 2
[17/3/2023 17:23:13] /a 2
[17/3/2023 17:23:13] /a 2
[17/3/2023 17:23:13] /a 2
[17/3/2023 17:23:13] /a 2
[17/3/2023 17:23:13] /a 2
[17/3/2023 17:23:13] /a 2
[17/3/2023 17:23:13] /a 2
[17/3/2023 17:23:13] /a 2
[17/3/2023 17:23:13] /a 2
[17/3/2023 17:23:13] /a 2
[17/3/2023 17:23:13] /a 2
[17/3/2023 17:23:13] /a 2
[17/3/2023 17:23:13] /a 2
[17/3/2023 17:23:13] /a 2
[17/3/2023 17:23:13] /a 2
[17/3/2023 17:23:13] /a 2
[17/3/2023 17:23:13] /a 2
[17/3/2023 17:23:13] /a 2
[17/3/2023 17:23:14] /a 2
[17/3/2023 17:23:14] /a 2
[17/3/2023 17:23:14] /a 2
[17/3/2023 17:23:14] /a 2
[17/3/2023 17:23:15] /a 2
[17/3/2023 17:23:15] /a 2
[17/3/2023 17:23:15] /a 2
[17/3/2023 17:23:15] /a 2
[17/3/2023 17:23:16] /a 2
[17/3/2023 17:23:16] /a 2
[17/3/2023 17:23:16] /a 2
[17/3/2023 17:23:17] /up
[17/3/2023 17:23:18] /up
[17/3/2023 17:23:18] /up
[17/3/2023 17:23:19] /a 2
[17/3/2023 17:23:45] /i label
[17/3/2023 17:24:0] /i 2597
[17/3/2023 17:26:4] /down
[17/3/2023 17:26:5] /down
[17/3/2023 17:28:36] /t
[17/3/2023 17:33:30] /i parcel
[17/3/2023 17:37:1] /t
[17/3/2023 17:37:6] /up
[17/3/2023 17:37:6] /up
[17/3/2023 17:37:14] /up
[17/3/2023 17:37:15] /up
[17/3/2023 17:37:34] /i soul war point
[17/3/2023 17:38:10] /newtype 637
[17/3/2023 17:38:13] /newtype 637
[17/3/2023 17:38:14] /newtype 638
[17/3/2023 17:38:15] /newtype 639
[17/3/2023 17:39:58] /newtype 636
[17/3/2023 17:40:0] /newtype 637
[17/3/2023 17:40:4] /newtype 635
[17/3/2023 17:40:9] /newtype 634
[17/3/2023 17:40:11] /newtype 633
[17/3/2023 17:40:13] /newtype 632
[17/3/2023 17:40:17] /newtype 629
[17/3/2023 17:40:19] /newtype 628
[17/3/2023 17:40:21] /newtype 627
[17/3/2023 17:40:22] /newtype 626
[17/3/2023 17:40:24] /newtype 625
[17/3/2023 17:40:25] /newtype 624
[17/3/2023 17:40:26] /newtype 623
[17/3/2023 17:40:26] /newtype 622
[17/3/2023 17:42:29] /newtype 200
[17/3/2023 17:47:45] /newtype 885
[17/3/2023 17:50:44] /i divindade sword
[17/3/2023 17:51:29] /n horned vip sowrd
[17/3/2023 17:51:32] /n horned vip sword
[17/3/2023 17:51:36] /n hornedvipsword
[17/3/2023 17:51:42] /r
[17/3/2023 19:1:51] /i war soul point
[17/3/2023 19:1:52] /i war soul points
[17/3/2023 19:1:58] /i wars soul point
[17/3/2023 19:2:5] /i Wars Souls Point
[17/3/2023 19:5:35] /t
[17/3/2023 19:9:6] /t
[18/3/2023 15:17:22] /i 7242
[18/3/2023 15:17:30] /t
[18/3/2023 15:20:49] /i 12779
[18/3/2023 15:23:35] /i ki potions
[18/3/2023 15:23:37] /i ki potion
[18/3/2023 15:24:3] /reload actions
[18/3/2023 15:25:25] /save
[18/3/2023 15:27:22] /reload actions
[18/3/2023 15:27:26] /save
[18/3/2023 15:28:14] /reload actions
[18/3/2023 15:30:24] /i 2147
[18/3/2023 15:30:57] /t
[18/3/2023 15:38:50] /reload globalevents
[18/3/2023 15:39:29] /reload globalevents
[18/3/2023 15:39:41] /reload globalevents
[18/3/2023 15:40:8] /reload globalevents
[18/3/2023 15:40:50] /i war golden
[18/3/2023 15:40:56] /i wars golden
[18/3/2023 15:40:58] /i wars golden
[18/3/2023 15:41:4] /i wars golden 100
[18/3/2023 15:41:15] /i wars golden 
[18/3/2023 15:41:15] /i wars golden 
[18/3/2023 15:41:15] /i wars golden 
[18/3/2023 15:41:16] /i wars golden 
[18/3/2023 15:41:16] /i wars golden 
[18/3/2023 15:41:16] /i wars golden 
[18/3/2023 15:41:16] /i wars golden 
[18/3/2023 15:41:16] /i wars golden 
[18/3/2023 15:41:16] /i wars golden 
[18/3/2023 15:41:16] /i wars golden 
[18/3/2023 15:41:16] /i wars golden 
[18/3/2023 15:41:16] /i wars golden 
[18/3/2023 15:41:16] /i wars golden 
[18/3/2023 15:41:16] /i wars golden 
[18/3/2023 15:41:16] /i wars golden 
[18/3/2023 15:41:16] /i wars golden 
[18/3/2023 15:41:16] /i wars golden 
[18/3/2023 15:41:16] /i wars golden 
[18/3/2023 15:41:16] /i wars golden 
[18/3/2023 15:41:16] /i wars golden 
[18/3/2023 15:45:24] /i scroll exp
[18/3/2023 15:50:9] /a 2
[18/3/2023 15:50:9] /a 2
[18/3/2023 15:50:9] /a 2
[18/3/2023 15:50:10] /a 2
[18/3/2023 15:50:10] /a 2
[18/3/2023 15:50:10] /a 2
[18/3/2023 15:50:10] /a 2
[18/3/2023 15:50:10] /a 2
[18/3/2023 15:50:10] /a 2
[18/3/2023 15:50:11] /a 2
[18/3/2023 15:50:11] /a 2
[18/3/2023 15:50:11] /a 2
[18/3/2023 15:50:11] /a 2
[18/3/2023 15:50:11] /a 2
[18/3/2023 15:50:12] /a 2
[18/3/2023 15:50:12] /a 2
[18/3/2023 15:50:12] /a 2
[18/3/2023 15:50:12] /a 2
[18/3/2023 15:50:12] /a 2
[18/3/2023 15:50:13] /a 2
[18/3/2023 15:50:13] /a 2
[18/3/2023 15:50:13] /a 2
[18/3/2023 15:50:13] /a 2
[18/3/2023 15:50:13] /a 2
[18/3/2023 15:50:14] /a 2
[18/3/2023 15:50:15] /up
[18/3/2023 15:50:15] /up
[18/3/2023 15:50:15] /up
[18/3/2023 15:50:18] /c Fhzdfh
[18/3/2023 15:53:11] /i Poi Exp Scroll
[18/3/2023 15:53:19] /i Poi Exp Scroll
[18/3/2023 15:55:51] /i Poi Exp Scroll
[18/3/2023 15:55:51] /i Poi Exp Scroll
[18/3/2023 15:55:52] /i Poi Exp Scroll
[18/3/2023 15:55:53] /i Poi Exp Scroll
[18/3/2023 15:55:53] /i Poi Exp Scroll
[18/3/2023 16:1:32] /goto Dfhdfh
[18/3/2023 16:4:32] /reload npcs
[18/3/2023 16:4:42] /save
[18/3/2023 16:4:48] /i Poi Exp Scroll
[18/3/2023 16:4:50] /save
[18/3/2023 16:6:26] /save
[18/3/2023 16:6:28] /reload npcs
[18/3/2023 16:6:44] /i 9999
[18/3/2023 16:9:2] /goto Dfhdfh
[18/3/2023 16:21:53] /reload movements
[18/3/2023 16:22:20] /reload movements
[18/3/2023 16:23:0] /reload movements
[18/3/2023 16:24:25] /reload movements
[18/3/2023 16:25:16] /reload movements
[18/3/2023 16:25:25] /reload movements
[18/3/2023 16:26:21] /i nightmare boots
[18/3/2023 16:26:38] /i nightmare helmet
[18/3/2023 16:26:47] /i nightmare legs
[18/3/2023 16:26:51] /i nightmare armor
[18/3/2023 16:27:45] /reload movements
[18/3/2023 16:28:21] /reload movements
[18/3/2023 16:29:23] /i blue senzu
[18/3/2023 16:32:12] /i scroll exp
[18/3/2023 16:32:43] /a 2
[18/3/2023 16:32:43] /a 2
[18/3/2023 16:32:44] /a 2
[18/3/2023 16:32:44] /a 2
[18/3/2023 16:32:44] /a 2
[18/3/2023 16:32:44] /a 2
[18/3/2023 16:32:44] /a 2
[18/3/2023 16:32:44] /a 2
[18/3/2023 16:32:44] /a 2
[18/3/2023 16:32:44] /a 2
[18/3/2023 16:32:44] /a 2
[18/3/2023 16:32:44] /a 2
[18/3/2023 16:32:44] /a 2
[18/3/2023 16:32:44] /a 2
[18/3/2023 16:32:44] /a 2
[18/3/2023 16:32:44] /a 2
[18/3/2023 16:32:44] /a 2
[18/3/2023 16:32:45] /a 2
[18/3/2023 16:32:45] /a 2
[18/3/2023 16:32:45] /a 2
[18/3/2023 16:32:45] /a 2
[18/3/2023 16:32:46] /a 2
[18/3/2023 16:32:46] /a 2
[18/3/2023 16:32:46] /a 2
[18/3/2023 16:32:46] /a 2
[18/3/2023 16:32:47] /up
[18/3/2023 16:32:48] /a 2
[18/3/2023 16:32:48] /a 2
[18/3/2023 16:32:48] /a 2
[18/3/2023 16:32:49] /up
[18/3/2023 16:32:50] /up
[18/3/2023 16:32:50] /a 2
[18/3/2023 16:32:52] /c Zdfhzdfh
[18/3/2023 16:42:51] /goto Bills Sample
[18/3/2023 16:53:0] /t
[18/3/2023 16:53:15] /i scroll exp paper
[18/3/2023 16:53:35] /a 2
[18/3/2023 16:53:35] /a 2
[18/3/2023 16:53:36] /a 2
[18/3/2023 16:53:36] /a 2
[18/3/2023 16:53:36] /a 2
[18/3/2023 16:53:36] /a 2
[18/3/2023 16:53:36] /a 2
[18/3/2023 16:53:36] /a 2
[18/3/2023 16:53:36] /a 2
[18/3/2023 16:53:36] /a 2
[18/3/2023 16:53:36] /a 2
[18/3/2023 16:53:36] /a 2
[18/3/2023 16:53:36] /a 2
[18/3/2023 16:53:36] /a 2
[18/3/2023 16:53:36] /a 2
[18/3/2023 16:53:36] /a 2
[18/3/2023 16:53:36] /a 2
[18/3/2023 16:53:36] /a 2
[18/3/2023 16:53:36] /a 2
[18/3/2023 16:53:36] /a 2
[18/3/2023 16:53:36] /a 2
[18/3/2023 16:53:36] /a 2
[18/3/2023 16:53:36] /a 2
[18/3/2023 16:53:36] /a 2
[18/3/2023 16:53:37] /a 2
[18/3/2023 16:53:37] /a 2
[18/3/2023 16:53:37] /a 2
[18/3/2023 16:53:37] /a 2
[18/3/2023 16:53:37] /a 2
[18/3/2023 16:53:38] /a 2
[18/3/2023 16:53:38] /a 2
[18/3/2023 16:53:38] /a 2
[18/3/2023 16:53:39] /up
[18/3/2023 16:53:39] /up
[18/3/2023 16:53:40] /up
[18/3/2023 16:53:41] /c Rasputia
[18/3/2023 16:53:59] /i poi exp scroll
[18/3/2023 16:54:0] /i poi exp scroll
[18/3/2023 16:54:1] /i poi exp scroll
[18/3/2023 16:54:1] /i poi exp scroll
[18/3/2023 16:54:2] /i poi exp scroll
[18/3/2023 16:54:2] /i poi exp scroll
[18/3/2023 16:54:3] /i poi exp scroll
[18/3/2023 16:54:4] /t
[18/3/2023 16:55:3] /m purching bag
[18/3/2023 16:55:4] /m purching bag
[18/3/2023 17:16:17] /i 2196
[18/3/2023 17:16:27] /i arabian amulet
[18/3/2023 17:16:33] /i 2196
[18/3/2023 17:16:42] /i 2196
[18/3/2023 17:20:22] /i 2196
[18/3/2023 17:21:21] /i 1510
[18/3/2023 17:30:52] /i 2196
[18/3/2023 17:34:35] /i 2178
[18/3/2023 17:35:31] /i 2196
[18/3/2023 17:36:44] /i 2952
[18/3/2023 17:36:54] /i 5952
[18/3/2023 17:38:19] /i 2308
[18/3/2023 17:39:32] /i 4852
[18/3/2023 17:39:53] /i 2159
[18/3/2023 17:40:1] /i 2159
[18/3/2023 17:40:5] /i 2159
[18/3/2023 17:40:19] /i 7242
[18/3/2023 17:40:33] /i 2147
[18/3/2023 17:40:59] /i 12780
[18/3/2023 17:42:26] /i 2196
[18/3/2023 17:48:1] /i 101
[18/3/2023 17:48:22] /i 671
[18/3/2023 17:51:22] /i 5789
[18/3/2023 17:54:31] /i pink scroll
[18/3/2023 17:54:33] /i pink scroll
[18/3/2023 17:56:19] /i 12741
[18/3/2023 17:56:51] /i 12745
[18/3/2023 17:57:5] /i 13389
[18/3/2023 17:57:18] /i 12714
[18/3/2023 17:57:34] /i 12733
[18/3/2023 17:57:48] /i 12734
[18/3/2023 17:58:7] /i 2187
[18/3/2023 17:58:43] /i 7859
[18/3/2023 18:7:44] /i 2199
[18/3/2023 18:7:53] /i 2199
[18/3/2023 18:7:58] /i 2199
[18/3/2023 18:9:25] /i 2199
[18/3/2023 18:9:33] /i backpack
[18/3/2023 18:12:9] /i 2199
[18/3/2023 18:12:20] /i 2199
[18/3/2023 19:53:16] /i 2199
[18/3/2023 19:53:26] /i  arabian amulet
[18/3/2023 19:53:29] /i 2199
[18/3/2023 19:55:9] /i 2199
[18/3/2023 20:7:43] /i 2008
[18/3/2023 20:9:8] /i 2008
[18/3/2023 20:12:44] /t
[18/3/2023 20:13:10] /i 2200
[18/3/2023 20:13:15] /i 2200,2
[18/3/2023 20:13:19] /i arabian amulet
[18/3/2023 20:13:21] /i 2200
[18/3/2023 20:13:41] /m purchase bag
[18/3/2023 20:14:2] /m purching bag
[18/3/2023 20:18:39] /reload spells
[18/3/2023 20:54:45] /reload spells
[18/3/2023 20:55:40] /i 9778
[18/3/2023 20:55:56] /i 2516
[18/3/2023 20:57:54] /reload spells
[18/3/2023 21:7:56] /reload spells
[18/3/2023 21:8:49] /reload spells
[18/3/2023 21:9:2] /reload spells
[18/3/2023 21:9:20] /reload spells
[18/3/2023 21:9:38] /reload spells
[18/3/2023 21:10:43] /reload spells
[18/3/2023 21:11:17] /m purching bag
[18/3/2023 21:12:18] /reload spells
[18/3/2023 21:13:12] /reload spells
[18/3/2023 21:13:51] /reload spells
[18/3/2023 21:14:14] /reload spells
[18/3/2023 21:17:31] /i 1691
[18/3/2023 21:17:39] /i 1691
[18/3/2023 21:19:39] /i 7422
[18/3/2023 21:19:46] /i 7422
[18/3/2023 21:19:51] /i 7422
[18/3/2023 21:20:22] /c rasputia
[18/3/2023 21:24:12] /i poi exp scroll
[18/3/2023 21:24:14] /i poi exp scroll
[18/3/2023 21:24:15] /i poi exp scroll
[18/3/2023 21:25:21] /goto rasputia
[18/3/2023 21:25:42] /a 510
[18/3/2023 21:25:44] /a 10
[18/3/2023 21:25:45] /a 10
[18/3/2023 21:25:46] /a 10
[18/3/2023 21:25:47] /a 10
[18/3/2023 21:25:47] /a 10
[18/3/2023 21:25:48] /a 10
[18/3/2023 21:25:48] /a 10
[18/3/2023 21:25:49] /a 10
[18/3/2023 21:25:49] /a 10
[18/3/2023 21:26:0] /c rasptuia
[18/3/2023 21:26:2] /c rasputia
[18/3/2023 21:26:23] /t
[18/3/2023 21:26:33] /i poi exp scroll
[18/3/2023 21:26:34] /i poi exp scroll
[18/3/2023 21:26:35] /i poi exp scroll
[18/3/2023 21:26:36] /i poi exp scroll
[18/3/2023 21:26:36] /i poi exp scroll
[18/3/2023 21:26:37] /i poi exp scroll
[18/3/2023 21:26:37] /i poi exp scroll
[18/3/2023 21:27:22] /m puching bag
[18/3/2023 21:27:29] /m punching bag
[18/3/2023 21:27:34] /m punching
[18/3/2023 21:27:46] /m purching bag
[18/3/2023 21:28:35] /i 7421
[18/3/2023 21:31:42] /a 10
[18/3/2023 21:31:42] /a 10
[18/3/2023 21:31:43] /a 10
[18/3/2023 21:31:43] /a 10
[18/3/2023 21:31:44] /a 10
[18/3/2023 21:31:45] /a 10
[18/3/2023 21:31:45] /a 10
[18/3/2023 21:31:45] /a 10
[18/3/2023 21:31:47] /a 10
[18/3/2023 21:32:4] /c rasputia
[18/3/2023 21:33:14] /i 2565
[18/3/2023 21:35:3] /i 2302
[18/3/2023 21:36:34] /i 2127
[18/3/2023 23:47:31] /save
[18/3/2023 23:50:46] /save
[19/3/2023 0:33:22] /t
[19/3/2023 0:33:27] /i  gold bar
[19/3/2023 0:33:28] /i  gold bars
[19/3/2023 0:33:32] /i  gold bars
[19/3/2023 0:33:34] /i 2160
[19/3/2023 0:37:12] /wp
[19/3/2023 0:37:19] /wp rasptuia
[19/3/2023 0:37:22] /wp rasputia
[19/3/2023 0:37:29] /wp 
[19/3/2023 0:39:3] /reload talkactions
[19/3/2023 0:39:10] /i 2160
[19/3/2023 0:39:32] /i 49
[19/3/2023 0:40:16] /reload talkactions
[19/3/2023 0:41:1] /i 2160
[19/3/2023 0:41:2] /i 2160
[19/3/2023 0:43:44] /reload talkactions
[19/3/2023 0:44:13] /reload talkactions
[19/3/2023 0:44:53] /reload talkactions
[19/3/2023 0:45:23] /reload talkactions
[19/3/2023 0:46:51] /reload talkactions
[19/3/2023 0:47:11] /reload talkactions
[19/3/2023 0:47:32] /reload talkactions
[19/3/2023 0:57:25] /reload talkactions
[19/3/2023 1:2:14] /reload talkactions
[19/3/2023 1:2:35] /reload talkactions
[19/3/2023 1:4:0] /reload talkactions
[19/3/2023 1:8:12] /reload talkactions
[19/3/2023 1:13:44] /reload talkactions
[19/3/2023 1:21:59] /reload talkactions
[19/3/2023 1:22:22] /reload talkactions
[19/3/2023 1:22:38] /reload talkactions
[19/3/2023 1:22:38] /reload talkactions
[19/3/2023 1:24:40] /r
[19/3/2023 1:37:6] /i gold bar
[19/3/2023 1:37:9] /i 2160
[19/3/2023 1:37:17] /r
[19/3/2023 1:43:44] /t
[19/3/2023 1:43:46] /i 2160
[19/3/2023 1:44:17] /reload talkactions
[19/3/2023 1:45:1] /reload talkactions
[19/3/2023 1:49:59] /reload talkactions
[19/3/2023 1:50:24] /reload talkactions
[19/3/2023 1:50:27] /i 2160
