[14/3/2023 19:12:59] !tecnicas
[14/3/2023 19:15:29] !tecnicas
[14/3/2023 19:16:45] !tecnicas
[14/3/2023 19:17:32] !tecnicas
[14/3/2023 19:17:50] !tecnicas
[14/3/2023 19:22:57] !tecnicas
[14/3/2023 19:23:38] !tecnicas
[14/3/2023 19:23:51] !tecnicas
[14/3/2023 19:25:13] !tecnicas
[14/3/2023 19:39:42] !tecnicas
[14/3/2023 19:42:54] !tecnicas
[14/3/2023 19:45:0] !tecnicas
[14/3/2023 19:46:19] !tecnicas
[14/3/2023 19:47:6] !tecnicas
[14/3/2023 22:45:4] /t
[14/3/2023 22:51:32] /t
[14/3/2023 22:51:33] /t
[14/3/2023 22:51:34] /t
[14/3/2023 22:51:34] /t
[14/3/2023 22:52:43] /t
[14/3/2023 22:52:44] /t
[14/3/2023 22:52:44] /t
[14/3/2023 22:52:45] /t
[14/3/2023 23:0:50] /t
[14/3/2023 23:0:53] /t
[14/3/2023 23:1:52] /t
[14/3/2023 23:9:6] /reload globalevents
[15/3/2023 10:51:13] !tecnicas
[15/3/2023 10:51:31] !tecnicas
[15/3/2023 10:53:25] /m majin buu
[15/3/2023 10:53:29] /m bandit
[15/3/2023 10:53:30] /m bandit
[15/3/2023 10:53:30] /m bandit
[15/3/2023 10:53:31] /m bandit
[15/3/2023 10:53:31] /m bandit
[15/3/2023 10:53:31] /m bandit
[15/3/2023 10:53:57] /t
[15/3/2023 11:11:38] /i wars souls points
[15/3/2023 11:11:41] /i wars souls points
[15/3/2023 11:11:44] /i wars souls points
[15/3/2023 11:11:46] /i warsouls points
[15/3/2023 11:11:48] /i war souls points
[15/3/2023 11:12:36] /i 6527
[15/3/2023 11:16:49] /i 2035
[15/3/2023 11:16:50] /i 2035
[15/3/2023 11:16:56] /i golden mugget
[15/3/2023 11:18:14] /i golden /i 8301
[15/3/2023 11:18:21] /i 8301
[15/3/2023 21:24:22] /i uldeworld helmet
[15/3/2023 21:24:25] /i uldeworld helmet
[15/3/2023 21:24:33] /i undeworld helmet
[16/3/2023 18:53:40] /t
